<?xml version="1.0" encoding="UTF-8" standalone="yes"?><!DOCTYPE report PUBLIC "-//JACOCO//DTD Report 1.1//EN" "report.dtd"><report name="birch-rest-jaxrs"><sessioninfo id="4c7475fd9691-96c65dc7" start="1691625109241" dump="1691625129713"/><package name="org/birchframework/framework/actuator/health"><class name="org/birchframework/framework/actuator/health/HealthWrapper" sourcefilename="HealthWrapper.java"><method name="&lt;init&gt;" desc="()V" line="33"><counter type="INSTRUCTION" missed="3" covered="0"/><counter type="LINE" missed="1" covered="0"/><counter type="COMPLEXITY" missed="1" covered="0"/><counter type="METHOD" missed="1" covered="0"/></method><method name="setStatus" desc="(Ljava/lang/String;)V" line="42"><counter type="INSTRUCTION" missed="12" covered="0"/><counter type="BRANCH" missed="2" covered="0"/><counter type="LINE" missed="2" covered="0"/><counter type="COMPLEXITY" missed="2" covered="0"/><counter type="METHOD" missed="1" covered="0"/></method><method name="setDetails" desc="(Ljava/util/Map;)V" line="46"><counter type="INSTRUCTION" missed="4" covered="0"/><counter type="LINE" missed="2" covered="0"/><counter type="COMPLEXITY" missed="1" covered="0"/><counter type="METHOD" missed="1" covered="0"/></method><method name="build" desc="()Lorg/springframework/boot/actuate/health/Health;" line="51"><counter type="INSTRUCTION" missed="15" covered="0"/><counter type="BRANCH" missed="2" covered="0"/><counter type="LINE" missed="1" covered="0"/><counter type="COMPLEXITY" missed="2" covered="0"/><counter type="METHOD" missed="1" covered="0"/></method><counter type="INSTRUCTION" missed="34" covered="0"/><counter type="BRANCH" missed="4" covered="0"/><counter type="LINE" missed="6" covered="0"/><counter type="COMPLEXITY" missed="6" covered="0"/><counter type="METHOD" missed="4" covered="0"/><counter type="CLASS" missed="1" covered="0"/></class><class name="org/birchframework/framework/actuator/health/ActuatorResourceAutoConfiguration" sourcefilename="ActuatorResourceAutoConfiguration.java"><method name="&lt;init&gt;" desc="(Lorg/birchframework/configuration/BirchProperties;Lorg/springframework/beans/factory/config/ConfigurableListableBeanFactory;)V" line="46"><counter type="INSTRUCTION" missed="10" covered="0"/><counter type="LINE" missed="4" covered="0"/><counter type="COMPLEXITY" missed="1" covered="0"/><counter type="METHOD" missed="1" covered="0"/></method><method name="init" desc="()V" line="53"><counter type="INSTRUCTION" missed="12" covered="0"/><counter type="BRANCH" missed="2" covered="0"/><counter type="LINE" missed="3" covered="0"/><counter type="COMPLEXITY" missed="2" covered="0"/><counter type="METHOD" missed="1" covered="0"/></method><method name="lambda$init$0" desc="(Ljava/lang/String;Ljava/net/URI;)V" line="54"><counter type="INSTRUCTION" missed="8" covered="0"/><counter type="LINE" missed="1" covered="0"/><counter type="COMPLEXITY" missed="1" covered="0"/><counter type="METHOD" missed="1" covered="0"/></method><counter type="INSTRUCTION" missed="30" covered="0"/><counter type="BRANCH" missed="2" covered="0"/><counter type="LINE" missed="7" covered="0"/><counter type="COMPLEXITY" missed="4" covered="0"/><counter type="METHOD" missed="3" covered="0"/><counter type="CLASS" missed="1" covered="0"/></class><class name="org/birchframework/framework/actuator/health/ActuatorResource" sourcefilename="ActuatorResource.java"/><class name="org/birchframework/framework/actuator/health/ServiceDependencyHealthIndicator" sourcefilename="ServiceDependencyHealthIndicator.java"><method name="health" desc="()Lorg/springframework/boot/actuate/health/Health;" line="53"><counter type="INSTRUCTION" missed="42" covered="12"/><counter type="BRANCH" missed="5" covered="1"/><counter type="LINE" missed="9" covered="3"/><counter type="COMPLEXITY" missed="3" covered="1"/><counter type="METHOD" missed="0" covered="1"/></method><method name="unmarshall" desc="(Ljava/lang/String;)Ljava/util/Optional;" line="87"><counter type="INSTRUCTION" missed="6" covered="0"/><counter type="LINE" missed="1" covered="0"/><counter type="COMPLEXITY" missed="1" covered="0"/><counter type="METHOD" missed="1" covered="0"/></method><method name="&lt;init&gt;" desc="(Lorg/birchframework/configuration/BirchProperties;Lorg/birchframework/framework/marshall/MarshallUtils;Lorg/springframework/context/ApplicationContext;)V" line="33"><counter type="INSTRUCTION" missed="0" covered="12"/><counter type="LINE" missed="0" covered="1"/><counter type="COMPLEXITY" missed="0" covered="1"/><counter type="METHOD" missed="0" covered="1"/></method><method name="lambda$health$2" desc="(Ljava/util/Map$Entry;)Z" line="72"><counter type="INSTRUCTION" missed="7" covered="0"/><counter type="LINE" missed="1" covered="0"/><counter type="COMPLEXITY" missed="1" covered="0"/><counter type="METHOD" missed="1" covered="0"/></method><method name="lambda$health$1" desc="(Ljava/util/Map$Entry;)Z" line="69"><counter type="INSTRUCTION" missed="7" covered="0"/><counter type="LINE" missed="1" covered="0"/><counter type="COMPLEXITY" missed="1" covered="0"/><counter type="METHOD" missed="1" covered="0"/></method><method name="lambda$health$0" desc="(Ljava/util/Map;Ljava/lang/String;Ljava/net/URI;)V" line="61"><counter type="INSTRUCTION" missed="21" covered="0"/><counter type="LINE" missed="6" covered="0"/><counter type="COMPLEXITY" missed="1" covered="0"/><counter type="METHOD" missed="1" covered="0"/></method><counter type="INSTRUCTION" missed="83" covered="24"/><counter type="BRANCH" missed="5" covered="1"/><counter type="LINE" missed="16" covered="4"/><counter type="COMPLEXITY" missed="7" covered="2"/><counter type="METHOD" missed="4" covered="2"/><counter type="CLASS" missed="0" covered="1"/></class><class name="org/birchframework/framework/actuator/health/BaseHealthIndicator" sourcefilename="BaseHealthIndicator.java"><method name="health" desc="(Lorg/birchframework/framework/actuator/health/ActuatorResource;)Lorg/springframework/boot/actuate/health/Health;" line="38"><counter type="INSTRUCTION" missed="27" covered="0"/><counter type="BRANCH" missed="4" covered="0"/><counter type="LINE" missed="6" covered="0"/><counter type="COMPLEXITY" missed="4" covered="0"/><counter type="METHOD" missed="1" covered="0"/></method><method name="lambda$health$2" desc="(Ljava/lang/String;)Lorg/springframework/boot/actuate/health/Health;" line="43"><counter type="INSTRUCTION" missed="9" covered="0"/><counter type="LINE" missed="2" covered="0"/><counter type="COMPLEXITY" missed="1" covered="0"/><counter type="METHOD" missed="1" covered="0"/></method><method name="lambda$health$1" desc="()Lorg/springframework/boot/actuate/health/Health;" line="54"><counter type="INSTRUCTION" missed="3" covered="0"/><counter type="LINE" missed="1" covered="0"/><counter type="COMPLEXITY" missed="1" covered="0"/><counter type="METHOD" missed="1" covered="0"/></method><method name="lambda$health$0" desc="(Lorg/birchframework/framework/actuator/health/HealthWrapper;)Lorg/springframework/boot/actuate/health/Health;" line="44"><counter type="INSTRUCTION" missed="22" covered="0"/><counter type="BRANCH" missed="4" covered="0"/><counter type="LINE" missed="6" covered="0"/><counter type="COMPLEXITY" missed="3" covered="0"/><counter type="METHOD" missed="1" covered="0"/></method><counter type="INSTRUCTION" missed="61" covered="0"/><counter type="BRANCH" missed="8" covered="0"/><counter type="LINE" missed="14" covered="0"/><counter type="COMPLEXITY" missed="9" covered="0"/><counter type="METHOD" missed="4" covered="0"/><counter type="CLASS" missed="1" covered="0"/></class><sourcefile name="BaseHealthIndicator.java"><line nr="38" mi="3" ci="0" mb="0" cb="0"/><line nr="39" mi="7" ci="0" mb="4" cb="0"/><line nr="41" mi="8" ci="0" mb="0" cb="0"/><line nr="43" mi="4" ci="0" mb="0" cb="0"/><line nr="44" mi="3" ci="0" mb="0" cb="0"/><line nr="45" mi="5" ci="0" mb="2" cb="0"/><line nr="46" mi="3" ci="0" mb="0" cb="0"/><line nr="48" mi="5" ci="0" mb="2" cb="0"/><line nr="49" mi="3" ci="0" mb="0" cb="0"/><line nr="52" mi="3" ci="0" mb="0" cb="0"/><line nr="54" mi="8" ci="0" mb="0" cb="0"/><line nr="57" mi="3" ci="0" mb="0" cb="0"/><line nr="59" mi="3" ci="0" mb="0" cb="0"/><line nr="62" mi="3" ci="0" mb="0" cb="0"/><counter type="INSTRUCTION" missed="61" covered="0"/><counter type="BRANCH" missed="8" covered="0"/><counter type="LINE" missed="14" covered="0"/><counter type="COMPLEXITY" missed="9" covered="0"/><counter type="METHOD" missed="4" covered="0"/><counter type="CLASS" missed="1" covered="0"/></sourcefile><sourcefile name="ActuatorResource.java"/><sourcefile name="ServiceDependencyHealthIndicator.java"><line nr="33" mi="0" ci="12" mb="0" cb="0"/><line nr="53" mi="0" ci="6" mb="1" cb="1"/><line nr="54" mi="0" ci="4" mb="0" cb="0"/><line nr="57" mi="4" ci="0" mb="0" cb="0"/><line nr="58" mi="8" ci="0" mb="0" cb="0"/><line nr="61" mi="8" ci="0" mb="0" cb="0"/><line nr="63" mi="1" ci="0" mb="0" cb="0"/><line nr="64" mi="5" ci="0" mb="0" cb="0"/><line nr="65" mi="1" ci="0" mb="0" cb="0"/><line nr="66" mi="5" ci="0" mb="0" cb="0"/><line nr="67" mi="1" ci="0" mb="0" cb="0"/><line nr="69" mi="13" ci="0" mb="2" cb="0"/><line nr="70" mi="3" ci="0" mb="0" cb="0"/><line nr="72" mi="13" ci="0" mb="2" cb="0"/><line nr="73" mi="3" ci="0" mb="0" cb="0"/><line nr="76" mi="2" ci="0" mb="0" cb="0"/><line nr="78" mi="7" ci="0" mb="0" cb="0"/><line nr="79" mi="3" ci="0" mb="0" cb="0"/><line nr="81" mi="0" ci="2" mb="0" cb="0"/><line nr="87" mi="6" ci="0" mb="0" cb="0"/><counter type="INSTRUCTION" missed="83" covered="24"/><counter type="BRANCH" missed="5" covered="1"/><counter type="LINE" missed="16" covered="4"/><counter type="COMPLEXITY" missed="7" covered="2"/><counter type="METHOD" missed="4" covered="2"/><counter type="CLASS" missed="0" covered="1"/></sourcefile><sourcefile name="HealthWrapper.java"><line nr="33" mi="3" ci="0" mb="0" cb="0"/><line nr="42" mi="11" ci="0" mb="2" cb="0"/><line nr="43" mi="1" ci="0" mb="0" cb="0"/><line nr="46" mi="3" ci="0" mb="0" cb="0"/><line nr="47" mi="1" ci="0" mb="0" cb="0"/><line nr="51" mi="15" ci="0" mb="2" cb="0"/><counter type="INSTRUCTION" missed="34" covered="0"/><counter type="BRANCH" missed="4" covered="0"/><counter type="LINE" missed="6" covered="0"/><counter type="COMPLEXITY" missed="6" covered="0"/><counter type="METHOD" missed="4" covered="0"/><counter type="CLASS" missed="1" covered="0"/></sourcefile><sourcefile name="ActuatorResourceAutoConfiguration.java"><line nr="46" mi="2" ci="0" mb="0" cb="0"/><line nr="47" mi="4" ci="0" mb="0" cb="0"/><line nr="48" mi="3" ci="0" mb="0" cb="0"/><line nr="49" mi="1" ci="0" mb="0" cb="0"/><line nr="53" mi="5" ci="0" mb="2" cb="0"/><line nr="54" mi="14" ci="0" mb="0" cb="0"/><line nr="56" mi="1" ci="0" mb="0" cb="0"/><counter type="INSTRUCTION" missed="30" covered="0"/><counter type="BRANCH" missed="2" covered="0"/><counter type="LINE" missed="7" covered="0"/><counter type="COMPLEXITY" missed="4" covered="0"/><counter type="METHOD" missed="3" covered="0"/><counter type="CLASS" missed="1" covered="0"/></sourcefile><counter type="INSTRUCTION" missed="208" covered="24"/><counter type="BRANCH" missed="19" covered="1"/><counter type="LINE" missed="43" covered="4"/><counter type="COMPLEXITY" missed="26" covered="2"/><counter type="METHOD" missed="15" covered="2"/><counter type="CLASS" missed="3" covered="1"/></package><package name="org/birchframework/framework/jaxrs"><class name="org/birchframework/framework/jaxrs/JAXRSErrorResponse" sourcefilename="JAXRSErrorResponse.java"><method name="&lt;init&gt;" desc="()V" line="25"><counter type="INSTRUCTION" missed="0" covered="3"/><counter type="LINE" missed="0" covered="1"/><counter type="COMPLEXITY" missed="0" covered="1"/><counter type="METHOD" missed="0" covered="1"/></method><method name="getError" desc="()Ljava/lang/String;" line="39"><counter type="INSTRUCTION" missed="0" covered="3"/><counter type="LINE" missed="0" covered="1"/><counter type="COMPLEXITY" missed="0" covered="1"/><counter type="METHOD" missed="0" covered="1"/></method><method name="getMessage" desc="()Ljava/lang/String;" line="47"><counter type="INSTRUCTION" missed="0" covered="3"/><counter type="LINE" missed="0" covered="1"/><counter type="COMPLEXITY" missed="0" covered="1"/><counter type="METHOD" missed="0" covered="1"/></method><method name="getPath" desc="()Ljava/net/URI;" line="55"><counter type="INSTRUCTION" missed="0" covered="3"/><counter type="LINE" missed="0" covered="1"/><counter type="COMPLEXITY" missed="0" covered="1"/><counter type="METHOD" missed="0" covered="1"/></method><method name="getStatusCode" desc="()I" line="63"><counter type="INSTRUCTION" missed="0" covered="3"/><counter type="LINE" missed="0" covered="1"/><counter type="COMPLEXITY" missed="0" covered="1"/><counter type="METHOD" missed="0" covered="1"/></method><method name="getTimestamp" desc="()Ljava/util/Date;" line="71"><counter type="INSTRUCTION" missed="3" covered="0"/><counter type="LINE" missed="1" covered="0"/><counter type="COMPLEXITY" missed="1" covered="0"/><counter type="METHOD" missed="1" covered="0"/></method><counter type="INSTRUCTION" missed="3" covered="15"/><counter type="LINE" missed="1" covered="5"/><counter type="COMPLEXITY" missed="1" covered="5"/><counter type="METHOD" missed="1" covered="5"/><counter type="CLASS" missed="0" covered="1"/></class><class name="org/birchframework/framework/jaxrs/ObjectWrapper" sourcefilename="ObjectWrapper.java"><method name="getValue" desc="()Ljava/io/Serializable;" line="37"><counter type="INSTRUCTION" missed="3" covered="0"/><counter type="LINE" missed="1" covered="0"/><counter type="COMPLEXITY" missed="1" covered="0"/><counter type="METHOD" missed="1" covered="0"/></method><method name="&lt;init&gt;" desc="()V" line="31"><counter type="INSTRUCTION" missed="3" covered="0"/><counter type="LINE" missed="1" covered="0"/><counter type="COMPLEXITY" missed="1" covered="0"/><counter type="METHOD" missed="1" covered="0"/></method><method name="&lt;init&gt;" desc="(Ljava/io/Serializable;)V" line="32"><counter type="INSTRUCTION" missed="6" covered="0"/><counter type="LINE" missed="1" covered="0"/><counter type="COMPLEXITY" missed="1" covered="0"/><counter type="METHOD" missed="1" covered="0"/></method><counter type="INSTRUCTION" missed="12" covered="0"/><counter type="LINE" missed="3" covered="0"/><counter type="COMPLEXITY" missed="3" covered="0"/><counter type="METHOD" missed="3" covered="0"/><counter type="CLASS" missed="1" covered="0"/></class><class name="org/birchframework/framework/jaxrs/ResponseError" sourcefilename="ResponseError.java"><method name="&lt;init&gt;" desc="(Lorg/birchframework/dto/ErrorCode;)V" line="27"><counter type="INSTRUCTION" missed="4" covered="0"/><counter type="LINE" missed="2" covered="0"/><counter type="COMPLEXITY" missed="1" covered="0"/><counter type="METHOD" missed="1" covered="0"/></method><method name="&lt;init&gt;" desc="(Lorg/birchframework/dto/ErrorCode;Ljava/lang/Throwable;)V" line="31"><counter type="INSTRUCTION" missed="5" covered="0"/><counter type="LINE" missed="2" covered="0"/><counter type="COMPLEXITY" missed="1" covered="0"/><counter type="METHOD" missed="1" covered="0"/></method><counter type="INSTRUCTION" missed="9" covered="0"/><counter type="LINE" missed="4" covered="0"/><counter type="COMPLEXITY" missed="2" covered="0"/><counter type="METHOD" missed="2" covered="0"/><counter type="CLASS" missed="1" covered="0"/></class><class name="org/birchframework/framework/jaxrs/Responses" sourcefilename="Responses.java"><method name="&lt;init&gt;" desc="(Ljavax/ws/rs/core/Response;)V" line="93"><counter type="INSTRUCTION" missed="0" covered="6"/><counter type="LINE" missed="0" covered="3"/><counter type="COMPLEXITY" missed="0" covered="1"/><counter type="METHOD" missed="0" covered="1"/></method><method name="of" desc="(Ljavax/ws/rs/core/Response;)Lorg/birchframework/framework/jaxrs/Responses;" line="103"><counter type="INSTRUCTION" missed="0" covered="5"/><counter type="LINE" missed="0" covered="1"/><counter type="COMPLEXITY" missed="0" covered="1"/><counter type="METHOD" missed="0" covered="1"/></method><method name="getResponse" desc="()Ljavax/ws/rs/core/Response;" line="111"><counter type="INSTRUCTION" missed="0" covered="3"/><counter type="LINE" missed="0" covered="1"/><counter type="COMPLEXITY" missed="0" covered="1"/><counter type="METHOD" missed="0" covered="1"/></method><method name="ok" desc="(Ljavax/ws/rs/core/Response;)Z" line="122"><counter type="INSTRUCTION" missed="10" covered="0"/><counter type="BRANCH" missed="4" covered="0"/><counter type="LINE" missed="1" covered="0"/><counter type="COMPLEXITY" missed="3" covered="0"/><counter type="METHOD" missed="1" covered="0"/></method><method name="created" desc="(Ljavax/ws/rs/core/Response;)Z" line="133"><counter type="INSTRUCTION" missed="10" covered="0"/><counter type="BRANCH" missed="4" covered="0"/><counter type="LINE" missed="1" covered="0"/><counter type="COMPLEXITY" missed="3" covered="0"/><counter type="METHOD" missed="1" covered="0"/></method><method name="notFound" desc="(Ljavax/ws/rs/core/Response;)Z" line="144"><counter type="INSTRUCTION" missed="10" covered="0"/><counter type="BRANCH" missed="4" covered="0"/><counter type="LINE" missed="1" covered="0"/><counter type="COMPLEXITY" missed="3" covered="0"/><counter type="METHOD" missed="1" covered="0"/></method><method name="notModified" desc="(Ljavax/ws/rs/core/Response;)Z" line="155"><counter type="INSTRUCTION" missed="10" covered="0"/><counter type="BRANCH" missed="4" covered="0"/><counter type="LINE" missed="1" covered="0"/><counter type="COMPLEXITY" missed="3" covered="0"/><counter type="METHOD" missed="1" covered="0"/></method><method name="internalServerError" desc="(Ljavax/ws/rs/core/Response;)Z" line="166"><counter type="INSTRUCTION" missed="10" covered="0"/><counter type="BRANCH" missed="4" covered="0"/><counter type="LINE" missed="1" covered="0"/><counter type="COMPLEXITY" missed="3" covered="0"/><counter type="METHOD" missed="1" covered="0"/></method><method name="badRequest" desc="()Z" line="174"><counter type="INSTRUCTION" missed="1" covered="11"/><counter type="BRANCH" missed="2" covered="2"/><counter type="LINE" missed="0" covered="1"/><counter type="COMPLEXITY" missed="2" covered="1"/><counter type="METHOD" missed="0" covered="1"/></method><method name="ok" desc="()Z" line="182"><counter type="INSTRUCTION" missed="0" covered="12"/><counter type="BRANCH" missed="1" covered="3"/><counter type="LINE" missed="0" covered="1"/><counter type="COMPLEXITY" missed="1" covered="2"/><counter type="METHOD" missed="0" covered="1"/></method><method name="created" desc="()Z" line="190"><counter type="INSTRUCTION" missed="1" covered="11"/><counter type="BRANCH" missed="2" covered="2"/><counter type="LINE" missed="0" covered="1"/><counter type="COMPLEXITY" missed="2" covered="1"/><counter type="METHOD" missed="0" covered="1"/></method><method name="notFound" desc="()Z" line="198"><counter type="INSTRUCTION" missed="0" covered="12"/><counter type="BRANCH" missed="1" covered="3"/><counter type="LINE" missed="0" covered="1"/><counter type="COMPLEXITY" missed="1" covered="2"/><counter type="METHOD" missed="0" covered="1"/></method><method name="notModified" desc="()Z" line="206"><counter type="INSTRUCTION" missed="0" covered="12"/><counter type="BRANCH" missed="1" covered="3"/><counter type="LINE" missed="0" covered="1"/><counter type="COMPLEXITY" missed="1" covered="2"/><counter type="METHOD" missed="0" covered="1"/></method><method name="internalServerError" desc="()Z" line="214"><counter type="INSTRUCTION" missed="0" covered="12"/><counter type="BRANCH" missed="1" covered="3"/><counter type="LINE" missed="0" covered="1"/><counter type="COMPLEXITY" missed="1" covered="2"/><counter type="METHOD" missed="0" covered="1"/></method><method name="ifOK" desc="(Ljava/lang/Class;Ljava/util/function/Consumer;)Lorg/birchframework/framework/jaxrs/Responses;" line="226"><counter type="INSTRUCTION" missed="0" covered="10"/><counter type="BRANCH" missed="1" covered="1"/><counter type="LINE" missed="0" covered="3"/><counter type="COMPLEXITY" missed="1" covered="1"/><counter type="METHOD" missed="0" covered="1"/></method><method name="ifOK" desc="(Ljavax/ws/rs/core/GenericType;Ljava/util/function/Consumer;)Lorg/birchframework/framework/jaxrs/Responses;" line="241"><counter type="INSTRUCTION" missed="0" covered="10"/><counter type="BRANCH" missed="1" covered="1"/><counter type="LINE" missed="0" covered="3"/><counter type="COMPLEXITY" missed="1" covered="1"/><counter type="METHOD" missed="0" covered="1"/></method><method name="ifOK" desc="(Lcom/fasterxml/jackson/core/type/TypeReference;Ljava/util/function/Consumer;)Lorg/birchframework/framework/jaxrs/Responses;" line="257"><counter type="INSTRUCTION" missed="0" covered="10"/><counter type="BRANCH" missed="1" covered="1"/><counter type="LINE" missed="0" covered="3"/><counter type="COMPLEXITY" missed="1" covered="1"/><counter type="METHOD" missed="0" covered="1"/></method><method name="ifOKOrElse" desc="(Ljava/lang/Class;Ljava/util/function/Consumer;Ljava/util/function/Consumer;)V" line="273"><counter type="INSTRUCTION" missed="4" covered="10"/><counter type="BRANCH" missed="1" covered="1"/><counter type="LINE" missed="1" covered="3"/><counter type="COMPLEXITY" missed="1" covered="1"/><counter type="METHOD" missed="0" covered="1"/></method><method name="ifOKOrElse" desc="(Ljavax/ws/rs/core/GenericType;Ljava/util/function/Consumer;Ljava/util/function/Consumer;)V" line="291"><counter type="INSTRUCTION" missed="4" covered="10"/><counter type="BRANCH" missed="1" covered="1"/><counter type="LINE" missed="1" covered="3"/><counter type="COMPLEXITY" missed="1" covered="1"/><counter type="METHOD" missed="0" covered="1"/></method><method name="ifOKOrElse" desc="(Lcom/fasterxml/jackson/core/type/TypeReference;Ljava/util/function/Consumer;Ljava/util/function/Consumer;)V" line="309"><counter type="INSTRUCTION" missed="4" covered="10"/><counter type="BRANCH" missed="1" covered="1"/><counter type="LINE" missed="1" covered="3"/><counter type="COMPLEXITY" missed="1" covered="1"/><counter type="METHOD" missed="0" covered="1"/></method><method name="ifOKOrElse" desc="(Ljava/lang/Class;Ljava/util/function/Consumer;Ljava/lang/Runnable;)V" line="327"><counter type="INSTRUCTION" missed="2" covered="10"/><counter type="BRANCH" missed="1" covered="1"/><counter type="LINE" missed="1" covered="3"/><counter type="COMPLEXITY" missed="1" covered="1"/><counter type="METHOD" missed="0" covered="1"/></method><method name="ifOKOrElse" desc="(Ljavax/ws/rs/core/GenericType;Ljava/util/function/Consumer;Ljava/lang/Runnable;)V" line="345"><counter type="INSTRUCTION" missed="2" covered="10"/><counter type="BRANCH" missed="1" covered="1"/><counter type="LINE" missed="1" covered="3"/><counter type="COMPLEXITY" missed="1" covered="1"/><counter type="METHOD" missed="0" covered="1"/></method><method name="ifOKOrElse" desc="(Lcom/fasterxml/jackson/core/type/TypeReference;Ljava/util/function/Consumer;Ljava/lang/Runnable;)V" line="364"><counter type="INSTRUCTION" missed="2" covered="10"/><counter type="BRANCH" missed="1" covered="1"/><counter type="LINE" missed="1" covered="3"/><counter type="COMPLEXITY" missed="1" covered="1"/><counter type="METHOD" missed="0" covered="1"/></method><method name="ifCreated" desc="(Ljava/lang/Class;Ljava/util/function/Consumer;)Lorg/birchframework/framework/jaxrs/Responses;" line="381"><counter type="INSTRUCTION" missed="0" covered="10"/><counter type="BRANCH" missed="1" covered="1"/><counter type="LINE" missed="0" covered="3"/><counter type="COMPLEXITY" missed="1" covered="1"/><counter type="METHOD" missed="0" covered="1"/></method><method name="ifCreated" desc="(Ljavax/ws/rs/core/GenericType;Ljava/util/function/Consumer;)Lorg/birchframework/framework/jaxrs/Responses;" line="396"><counter type="INSTRUCTION" missed="0" covered="10"/><counter type="BRANCH" missed="1" covered="1"/><counter type="LINE" missed="0" covered="3"/><counter type="COMPLEXITY" missed="1" covered="1"/><counter type="METHOD" missed="0" covered="1"/></method><method name="ifCreated" desc="(Lcom/fasterxml/jackson/core/type/TypeReference;Ljava/util/function/Consumer;)Lorg/birchframework/framework/jaxrs/Responses;" line="412"><counter type="INSTRUCTION" missed="10" covered="0"/><counter type="BRANCH" missed="2" covered="0"/><counter type="LINE" missed="3" covered="0"/><counter type="COMPLEXITY" missed="2" covered="0"/><counter type="METHOD" missed="1" covered="0"/></method><method name="ifCreatedOrElse" desc="(Ljava/lang/Class;Ljava/util/function/Consumer;Ljava/util/function/Consumer;)V" line="430"><counter type="INSTRUCTION" missed="4" covered="10"/><counter type="BRANCH" missed="1" covered="1"/><counter type="LINE" missed="1" covered="3"/><counter type="COMPLEXITY" missed="1" covered="1"/><counter type="METHOD" missed="0" covered="1"/></method><method name="ifCreatedOrElse" desc="(Ljavax/ws/rs/core/GenericType;Ljava/util/function/Consumer;Ljava/util/function/Consumer;)V" line="449"><counter type="INSTRUCTION" missed="4" covered="10"/><counter type="BRANCH" missed="1" covered="1"/><counter type="LINE" missed="1" covered="3"/><counter type="COMPLEXITY" missed="1" covered="1"/><counter type="METHOD" missed="0" covered="1"/></method><method name="ifCreatedOrElse" desc="(Lcom/fasterxml/jackson/core/type/TypeReference;Ljava/util/function/Consumer;Ljava/util/function/Consumer;)V" line="468"><counter type="INSTRUCTION" missed="14" covered="0"/><counter type="BRANCH" missed="2" covered="0"/><counter type="LINE" missed="4" covered="0"/><counter type="COMPLEXITY" missed="2" covered="0"/><counter type="METHOD" missed="1" covered="0"/></method><method name="ifCreatedOrElse" desc="(Ljava/lang/Class;Ljava/util/function/Consumer;Ljava/lang/Runnable;)V" line="487"><counter type="INSTRUCTION" missed="2" covered="10"/><counter type="BRANCH" missed="1" covered="1"/><counter type="LINE" missed="1" covered="3"/><counter type="COMPLEXITY" missed="1" covered="1"/><counter type="METHOD" missed="0" covered="1"/></method><method name="ifCreatedOrElse" desc="(Ljavax/ws/rs/core/GenericType;Ljava/util/function/Consumer;Ljava/lang/Runnable;)V" line="505"><counter type="INSTRUCTION" missed="2" covered="10"/><counter type="BRANCH" missed="1" covered="1"/><counter type="LINE" missed="1" covered="3"/><counter type="COMPLEXITY" missed="1" covered="1"/><counter type="METHOD" missed="0" covered="1"/></method><method name="ifCreatedOrElse" desc="(Lcom/fasterxml/jackson/core/type/TypeReference;Ljava/util/function/Consumer;Ljava/lang/Runnable;)V" line="523"><counter type="INSTRUCTION" missed="12" covered="0"/><counter type="BRANCH" missed="2" covered="0"/><counter type="LINE" missed="4" covered="0"/><counter type="COMPLEXITY" missed="2" covered="0"/><counter type="METHOD" missed="1" covered="0"/></method><method name="ifNotFound" desc="(Ljava/util/function/Consumer;)Lorg/birchframework/framework/jaxrs/Responses;" line="538"><counter type="INSTRUCTION" missed="0" covered="13"/><counter type="BRANCH" missed="2" covered="2"/><counter type="LINE" missed="0" covered="3"/><counter type="COMPLEXITY" missed="2" covered="1"/><counter type="METHOD" missed="0" covered="1"/></method><method name="ifNotModified" desc="(Ljava/util/function/Consumer;)Lorg/birchframework/framework/jaxrs/Responses;" line="551"><counter type="INSTRUCTION" missed="0" covered="13"/><counter type="BRANCH" missed="2" covered="2"/><counter type="LINE" missed="0" covered="3"/><counter type="COMPLEXITY" missed="2" covered="1"/><counter type="METHOD" missed="0" covered="1"/></method><method name="ifInternalServerError" desc="(Ljava/util/function/Consumer;)Lorg/birchframework/framework/jaxrs/Responses;" line="564"><counter type="INSTRUCTION" missed="0" covered="13"/><counter type="BRANCH" missed="2" covered="2"/><counter type="LINE" missed="0" covered="3"/><counter type="COMPLEXITY" missed="2" covered="1"/><counter type="METHOD" missed="0" covered="1"/></method><method name="ifBadRequest" desc="(Ljava/util/function/Consumer;)Lorg/birchframework/framework/jaxrs/Responses;" line="577"><counter type="INSTRUCTION" missed="0" covered="13"/><counter type="BRANCH" missed="2" covered="2"/><counter type="LINE" missed="0" covered="3"/><counter type="COMPLEXITY" missed="2" covered="1"/><counter type="METHOD" missed="0" covered="1"/></method><method name="execute" desc="(Ljava/lang/Class;Ljava/util/function/Consumer;)Lorg/birchframework/framework/jaxrs/Responses;" line="592"><counter type="INSTRUCTION" missed="0" covered="14"/><counter type="BRANCH" missed="1" covered="3"/><counter type="LINE" missed="0" covered="3"/><counter type="COMPLEXITY" missed="1" covered="2"/><counter type="METHOD" missed="0" covered="1"/></method><method name="execute" desc="(Ljavax/ws/rs/core/GenericType;Ljava/util/function/Consumer;)Lorg/birchframework/framework/jaxrs/Responses;" line="607"><counter type="INSTRUCTION" missed="0" covered="14"/><counter type="BRANCH" missed="2" covered="2"/><counter type="LINE" missed="0" covered="3"/><counter type="COMPLEXITY" missed="2" covered="1"/><counter type="METHOD" missed="0" covered="1"/></method><method name="execute" desc="(Lcom/fasterxml/jackson/core/type/TypeReference;Ljava/util/function/Consumer;)Lorg/birchframework/framework/jaxrs/Responses;" line="622"><counter type="INSTRUCTION" missed="0" covered="14"/><counter type="BRANCH" missed="2" covered="2"/><counter type="LINE" missed="0" covered="3"/><counter type="COMPLEXITY" missed="2" covered="1"/><counter type="METHOD" missed="0" covered="1"/></method><method name="map" desc="(Ljava/lang/Class;Ljava/util/function/Function;)Ljava/lang/Object;" line="637"><counter type="INSTRUCTION" missed="4" covered="15"/><counter type="BRANCH" missed="2" covered="2"/><counter type="LINE" missed="1" covered="2"/><counter type="COMPLEXITY" missed="2" covered="1"/><counter type="METHOD" missed="0" covered="1"/></method><method name="map" desc="(Ljavax/ws/rs/core/GenericType;Ljava/util/function/Function;)Ljava/lang/Object;" line="654"><counter type="INSTRUCTION" missed="4" covered="15"/><counter type="BRANCH" missed="2" covered="2"/><counter type="LINE" missed="1" covered="2"/><counter type="COMPLEXITY" missed="2" covered="1"/><counter type="METHOD" missed="0" covered="1"/></method><method name="map" desc="(Lcom/fasterxml/jackson/core/type/TypeReference;Ljava/util/function/Function;)Ljava/lang/Object;" line="671"><counter type="INSTRUCTION" missed="4" covered="15"/><counter type="BRANCH" missed="2" covered="2"/><counter type="LINE" missed="1" covered="2"/><counter type="COMPLEXITY" missed="2" covered="1"/><counter type="METHOD" missed="0" covered="1"/></method><method name="entity" desc="(Ljava/lang/Class;)Ljava/util/Optional;" line="680"><counter type="INSTRUCTION" missed="8" covered="14"/><counter type="BRANCH" missed="2" covered="2"/><counter type="LINE" missed="2" covered="3"/><counter type="COMPLEXITY" missed="2" covered="1"/><counter type="METHOD" missed="0" covered="1"/></method><method name="entity" desc="(Ljavax/ws/rs/core/GenericType;)Ljava/util/Optional;" line="690"><counter type="INSTRUCTION" missed="8" covered="14"/><counter type="BRANCH" missed="2" covered="2"/><counter type="LINE" missed="2" covered="3"/><counter type="COMPLEXITY" missed="2" covered="1"/><counter type="METHOD" missed="0" covered="1"/></method><method name="entity" desc="(Lcom/fasterxml/jackson/core/type/TypeReference;)Ljava/util/Optional;" line="700"><counter type="INSTRUCTION" missed="5" covered="26"/><counter type="BRANCH" missed="1" covered="3"/><counter type="LINE" missed="3" covered="5"/><counter type="COMPLEXITY" missed="1" covered="2"/><counter type="METHOD" missed="0" covered="1"/></method><method name="errorCode" desc="()Ljava/util/Optional;" line="719"><counter type="INSTRUCTION" missed="80" covered="15"/><counter type="BRANCH" missed="6" covered="2"/><counter type="LINE" missed="19" covered="3"/><counter type="COMPLEXITY" missed="4" covered="1"/><counter type="METHOD" missed="0" covered="1"/></method><method name="getErrorCodeClass" desc="()Ljava/lang/Class;" line="761"><counter type="INSTRUCTION" missed="0" covered="2"/><counter type="LINE" missed="0" covered="1"/><counter type="COMPLEXITY" missed="0" covered="1"/><counter type="METHOD" missed="0" covered="1"/></method><method name="&lt;clinit&gt;" desc="()V" line="56"><counter type="INSTRUCTION" missed="7" covered="63"/><counter type="BRANCH" missed="1" covered="1"/><counter type="LINE" missed="2" covered="16"/><counter type="COMPLEXITY" missed="1" covered="1"/><counter type="METHOD" missed="0" covered="1"/></method><counter type="INSTRUCTION" missed="238" covered="507"/><counter type="BRANCH" missed="80" covered="62"/><counter type="LINE" missed="57" covered="114"/><counter type="COMPLEXITY" missed="73" covered="46"/><counter type="METHOD" missed="8" covered="40"/><counter type="CLASS" missed="0" covered="1"/></class><sourcefile name="JAXRSErrorResponse.java"><line nr="25" mi="0" ci="3" mb="0" cb="0"/><line nr="39" mi="0" ci="3" mb="0" cb="0"/><line nr="47" mi="0" ci="3" mb="0" cb="0"/><line nr="55" mi="0" ci="3" mb="0" cb="0"/><line nr="63" mi="0" ci="3" mb="0" cb="0"/><line nr="71" mi="3" ci="0" mb="0" cb="0"/><counter type="INSTRUCTION" missed="3" covered="15"/><counter type="LINE" missed="1" covered="5"/><counter type="COMPLEXITY" missed="1" covered="5"/><counter type="METHOD" missed="1" covered="5"/><counter type="CLASS" missed="0" covered="1"/></sourcefile><sourcefile name="ObjectWrapper.java"><line nr="31" mi="3" ci="0" mb="0" cb="0"/><line nr="32" mi="6" ci="0" mb="0" cb="0"/><line nr="37" mi="3" ci="0" mb="0" cb="0"/><counter type="INSTRUCTION" missed="12" covered="0"/><counter type="LINE" missed="3" covered="0"/><counter type="COMPLEXITY" missed="3" covered="0"/><counter type="METHOD" missed="3" covered="0"/><counter type="CLASS" missed="1" covered="0"/></sourcefile><sourcefile name="ResponseError.java"><line nr="27" mi="3" ci="0" mb="0" cb="0"/><line nr="28" mi="1" ci="0" mb="0" cb="0"/><line nr="31" mi="4" ci="0" mb="0" cb="0"/><line nr="32" mi="1" ci="0" mb="0" cb="0"/><counter type="INSTRUCTION" missed="9" covered="0"/><counter type="LINE" missed="4" covered="0"/><counter type="COMPLEXITY" missed="2" covered="0"/><counter type="METHOD" missed="2" covered="0"/><counter type="CLASS" missed="1" covered="0"/></sourcefile><sourcefile name="Responses.java"><line nr="56" mi="0" ci="3" mb="0" cb="0"/><line nr="60" mi="0" ci="3" mb="0" cb="0"/><line nr="61" mi="0" ci="3" mb="0" cb="0"/><line nr="62" mi="0" ci="3" mb="0" cb="0"/><line nr="63" mi="0" ci="3" mb="0" cb="0"/><line nr="64" mi="0" ci="3" mb="0" cb="0"/><line nr="65" mi="0" ci="3" mb="0" cb="0"/><line nr="66" mi="0" ci="3" mb="0" cb="0"/><line nr="67" mi="0" ci="3" mb="0" cb="0"/><line nr="69" mi="0" ci="3" mb="0" cb="0"/><line nr="70" mi="0" ci="10" mb="0" cb="0"/><line nr="76" mi="0" ci="11" mb="0" cb="0"/><line nr="77" mi="0" ci="5" mb="0" cb="0"/><line nr="78" mi="0" ci="3" mb="0" cb="0"/><line nr="79" mi="0" ci="3" mb="1" cb="1"/><line nr="80" mi="4" ci="0" mb="0" cb="0"/><line nr="81" mi="3" ci="0" mb="0" cb="0"/><line nr="83" mi="0" ci="1" mb="0" cb="0"/><line nr="93" mi="0" ci="2" mb="0" cb="0"/><line nr="94" mi="0" ci="3" mb="0" cb="0"/><line nr="95" mi="0" ci="1" mb="0" cb="0"/><line nr="103" mi="0" ci="5" mb="0" cb="0"/><line nr="111" mi="0" ci="3" mb="0" cb="0"/><line nr="122" mi="10" ci="0" mb="4" cb="0"/><line nr="133" mi="10" ci="0" mb="4" cb="0"/><line nr="144" mi="10" ci="0" mb="4" cb="0"/><line nr="155" mi="10" ci="0" mb="4" cb="0"/><line nr="166" mi="10" ci="0" mb="4" cb="0"/><line nr="174" mi="1" ci="11" mb="2" cb="2"/><line nr="182" mi="0" ci="12" mb="1" cb="3"/><line nr="190" mi="1" ci="11" mb="2" cb="2"/><line nr="198" mi="0" ci="12" mb="1" cb="3"/><line nr="206" mi="0" ci="12" mb="1" cb="3"/><line nr="214" mi="0" ci="12" mb="1" cb="3"/><line nr="226" mi="0" ci="3" mb="1" cb="1"/><line nr="227" mi="0" ci="5" mb="0" cb="0"/><line nr="229" mi="0" ci="2" mb="0" cb="0"/><line nr="241" mi="0" ci="3" mb="1" cb="1"/><line nr="242" mi="0" ci="5" mb="0" cb="0"/><line nr="244" mi="0" ci="2" mb="0" cb="0"/><line nr="257" mi="0" ci="3" mb="1" cb="1"/><line nr="258" mi="0" ci="5" mb="0" cb="0"/><line nr="260" mi="0" ci="2" mb="0" cb="0"/><line nr="273" mi="0" ci="3" mb="1" cb="1"/><line nr="274" mi="0" ci="6" mb="0" cb="0"/><line nr="277" mi="4" ci="0" mb="0" cb="0"/><line nr="279" mi="0" ci="1" mb="0" cb="0"/><line nr="291" mi="0" ci="3" mb="1" cb="1"/><line nr="292" mi="0" ci="6" mb="0" cb="0"/><line nr="295" mi="4" ci="0" mb="0" cb="0"/><line nr="297" mi="0" ci="1" mb="0" cb="0"/><line nr="309" mi="0" ci="3" mb="1" cb="1"/><line nr="310" mi="0" ci="6" mb="0" cb="0"/><line nr="313" mi="4" ci="0" mb="0" cb="0"/><line nr="315" mi="0" ci="1" mb="0" cb="0"/><line nr="327" mi="0" ci="3" mb="1" cb="1"/><line nr="328" mi="0" ci="6" mb="0" cb="0"/><line nr="331" mi="2" ci="0" mb="0" cb="0"/><line nr="333" mi="0" ci="1" mb="0" cb="0"/><line nr="345" mi="0" ci="3" mb="1" cb="1"/><line nr="346" mi="0" ci="6" mb="0" cb="0"/><line nr="349" mi="2" ci="0" mb="0" cb="0"/><line nr="351" mi="0" ci="1" mb="0" cb="0"/><line nr="364" mi="0" ci="3" mb="1" cb="1"/><line nr="365" mi="0" ci="6" mb="0" cb="0"/><line nr="368" mi="2" ci="0" mb="0" cb="0"/><line nr="370" mi="0" ci="1" mb="0" cb="0"/><line nr="381" mi="0" ci="3" mb="1" cb="1"/><line nr="382" mi="0" ci="5" mb="0" cb="0"/><line nr="384" mi="0" ci="2" mb="0" cb="0"/><line nr="396" mi="0" ci="3" mb="1" cb="1"/><line nr="397" mi="0" ci="5" mb="0" cb="0"/><line nr="399" mi="0" ci="2" mb="0" cb="0"/><line nr="412" mi="3" ci="0" mb="2" cb="0"/><line nr="413" mi="5" ci="0" mb="0" cb="0"/><line nr="415" mi="2" ci="0" mb="0" cb="0"/><line nr="430" mi="0" ci="3" mb="1" cb="1"/><line nr="431" mi="0" ci="6" mb="0" cb="0"/><line nr="434" mi="4" ci="0" mb="0" cb="0"/><line nr="436" mi="0" ci="1" mb="0" cb="0"/><line nr="449" mi="0" ci="3" mb="1" cb="1"/><line nr="450" mi="0" ci="6" mb="0" cb="0"/><line nr="453" mi="4" ci="0" mb="0" cb="0"/><line nr="455" mi="0" ci="1" mb="0" cb="0"/><line nr="468" mi="3" ci="0" mb="2" cb="0"/><line nr="469" mi="6" ci="0" mb="0" cb="0"/><line nr="472" mi="4" ci="0" mb="0" cb="0"/><line nr="474" mi="1" ci="0" mb="0" cb="0"/><line nr="487" mi="0" ci="3" mb="1" cb="1"/><line nr="488" mi="0" ci="6" mb="0" cb="0"/><line nr="491" mi="2" ci="0" mb="0" cb="0"/><line nr="493" mi="0" ci="1" mb="0" cb="0"/><line nr="505" mi="0" ci="3" mb="1" cb="1"/><line nr="506" mi="0" ci="6" mb="0" cb="0"/><line nr="509" mi="2" ci="0" mb="0" cb="0"/><line nr="511" mi="0" ci="1" mb="0" cb="0"/><line nr="523" mi="3" ci="0" mb="2" cb="0"/><line nr="524" mi="6" ci="0" mb="0" cb="0"/><line nr="527" mi="2" ci="0" mb="0" cb="0"/><line nr="529" mi="1" ci="0" mb="0" cb="0"/><line nr="538" mi="0" ci="7" mb="2" cb="2"/><line nr="539" mi="0" ci="4" mb="0" cb="0"/><line nr="541" mi="0" ci="2" mb="0" cb="0"/><line nr="551" mi="0" ci="7" mb="2" cb="2"/><line nr="552" mi="0" ci="4" mb="0" cb="0"/><line nr="554" mi="0" ci="2" mb="0" cb="0"/><line nr="564" mi="0" ci="7" mb="2" cb="2"/><line nr="565" mi="0" ci="4" mb="0" cb="0"/><line nr="567" mi="0" ci="2" mb="0" cb="0"/><line nr="577" mi="0" ci="7" mb="2" cb="2"/><line nr="578" mi="0" ci="4" mb="0" cb="0"/><line nr="580" mi="0" ci="2" mb="0" cb="0"/><line nr="592" mi="0" ci="7" mb="1" cb="3"/><line nr="593" mi="0" ci="5" mb="0" cb="0"/><line nr="595" mi="0" ci="2" mb="0" cb="0"/><line nr="607" mi="0" ci="7" mb="2" cb="2"/><line nr="608" mi="0" ci="5" mb="0" cb="0"/><line nr="610" mi="0" ci="2" mb="0" cb="0"/><line nr="622" mi="0" ci="7" mb="2" cb="2"/><line nr="623" mi="0" ci="5" mb="0" cb="0"/><line nr="625" mi="0" ci="2" mb="0" cb="0"/><line nr="637" mi="0" ci="7" mb="2" cb="2"/><line nr="638" mi="0" ci="8" mb="0" cb="0"/><line nr="641" mi="4" ci="0" mb="0" cb="0"/><line nr="654" mi="0" ci="7" mb="2" cb="2"/><line nr="655" mi="0" ci="8" mb="0" cb="0"/><line nr="658" mi="4" ci="0" mb="0" cb="0"/><line nr="671" mi="0" ci="7" mb="2" cb="2"/><line nr="672" mi="0" ci="8" mb="0" cb="0"/><line nr="675" mi="4" ci="0" mb="0" cb="0"/><line nr="680" mi="0" ci="4" mb="1" cb="1"/><line nr="681" mi="0" ci="5" mb="1" cb="1"/><line nr="682" mi="6" ci="0" mb="0" cb="0"/><line nr="684" mi="0" ci="5" mb="0" cb="0"/><line nr="686" mi="2" ci="0" mb="0" cb="0"/><line nr="690" mi="0" ci="4" mb="1" cb="1"/><line nr="691" mi="0" ci="5" mb="1" cb="1"/><line nr="692" mi="6" ci="0" mb="0" cb="0"/><line nr="694" mi="0" ci="5" mb="0" cb="0"/><line nr="696" mi="2" ci="0" mb="0" cb="0"/><line nr="700" mi="0" ci="4" mb="1" cb="1"/><line nr="701" mi="0" ci="5" mb="0" cb="2"/><line nr="702" mi="0" ci="6" mb="0" cb="0"/><line nr="704" mi="0" ci="6" mb="0" cb="0"/><line nr="706" mi="1" ci="0" mb="0" cb="0"/><line nr="707" mi="2" ci="0" mb="0" cb="0"/><line nr="711" mi="0" ci="5" mb="0" cb="0"/><line nr="714" mi="2" ci="0" mb="0" cb="0"/><line nr="719" mi="0" ci="4" mb="1" cb="1"/><line nr="720" mi="0" ci="5" mb="1" cb="1"/><line nr="721" mi="0" ci="6" mb="0" cb="0"/><line nr="723" mi="6" ci="0" mb="0" cb="0"/><line nr="724" mi="3" ci="0" mb="2" cb="0"/><line nr="725" mi="3" ci="0" mb="0" cb="0"/><line nr="729" mi="6" ci="0" mb="0" cb="0"/><line nr="730" mi="11" ci="0" mb="0" cb="0"/><line nr="731" mi="2" ci="0" mb="2" cb="0"/><line nr="732" mi="5" ci="0" mb="0" cb="0"/><line nr="734" mi="3" ci="0" mb="0" cb="0"/><line nr="736" mi="1" ci="0" mb="0" cb="0"/><line nr="738" mi="6" ci="0" mb="0" cb="0"/><line nr="739" mi="8" ci="0" mb="0" cb="0"/><line nr="740" mi="3" ci="0" mb="0" cb="0"/><line nr="742" mi="1" ci="0" mb="0" cb="0"/><line nr="743" mi="6" ci="0" mb="0" cb="0"/><line nr="744" mi="3" ci="0" mb="0" cb="0"/><line nr="747" mi="1" ci="0" mb="0" cb="0"/><line nr="748" mi="6" ci="0" mb="0" cb="0"/><line nr="749" mi="3" ci="0" mb="0" cb="0"/><line nr="753" mi="3" ci="0" mb="0" cb="0"/><line nr="761" mi="0" ci="2" mb="0" cb="0"/><counter type="INSTRUCTION" missed="238" covered="507"/><counter type="BRANCH" missed="80" covered="62"/><counter type="LINE" missed="57" covered="114"/><counter type="COMPLEXITY" missed="73" covered="46"/><counter type="METHOD" missed="8" covered="40"/><counter type="CLASS" missed="0" covered="1"/></sourcefile><counter type="INSTRUCTION" missed="262" covered="522"/><counter type="BRANCH" missed="80" covered="62"/><counter type="LINE" missed="65" covered="119"/><counter type="COMPLEXITY" missed="79" covered="51"/><counter type="METHOD" missed="14" covered="45"/><counter type="CLASS" missed="2" covered="2"/></package><package name="org/birchframework/framework/i18n"><class name="org/birchframework/framework/i18n/InternationalizationAutoConfiguration" sourcefilename="InternationalizationAutoConfiguration.java"><method name="&lt;init&gt;" desc="()V" line="49"><counter type="INSTRUCTION" missed="0" covered="3"/><counter type="LINE" missed="0" covered="1"/><counter type="COMPLEXITY" missed="0" covered="1"/><counter type="METHOD" missed="0" covered="1"/></method><method name="messageSource" desc="(Lorg/birchframework/configuration/BirchProperties;)Lorg/springframework/context/MessageSource;" line="58"><counter type="INSTRUCTION" missed="0" covered="6"/><counter type="LINE" missed="0" covered="1"/><counter type="COMPLEXITY" missed="0" covered="1"/><counter type="METHOD" missed="0" covered="1"/></method><method name="lambda$messageSource$0" desc="(Lorg/birchframework/configuration/BirchProperties;Lorg/springframework/context/support/ResourceBundleMessageSource;)V" line="59"><counter type="INSTRUCTION" missed="0" covered="6"/><counter type="LINE" missed="0" covered="2"/><counter type="COMPLEXITY" missed="0" covered="1"/><counter type="METHOD" missed="0" covered="1"/></method><counter type="INSTRUCTION" missed="0" covered="15"/><counter type="LINE" missed="0" covered="4"/><counter type="COMPLEXITY" missed="0" covered="3"/><counter type="METHOD" missed="0" covered="3"/><counter type="CLASS" missed="0" covered="1"/></class><class name="org/birchframework/framework/i18n/EnableI18N" sourcefilename="EnableI18N.java"/><sourcefile name="EnableI18N.java"/><sourcefile name="InternationalizationAutoConfiguration.java"><line nr="49" mi="0" ci="3" mb="0" cb="0"/><line nr="58" mi="0" ci="6" mb="0" cb="0"/><line nr="59" mi="0" ci="5" mb="0" cb="0"/><line nr="60" mi="0" ci="1" mb="0" cb="0"/><counter type="INSTRUCTION" missed="0" covered="15"/><counter type="LINE" missed="0" covered="4"/><counter type="COMPLEXITY" missed="0" covered="3"/><counter type="METHOD" missed="0" covered="3"/><counter type="CLASS" missed="0" covered="1"/></sourcefile><counter type="INSTRUCTION" missed="0" covered="15"/><counter type="LINE" missed="0" covered="4"/><counter type="COMPLEXITY" missed="0" covered="3"/><counter type="METHOD" missed="0" covered="3"/><counter type="CLASS" missed="0" covered="1"/></package><package name="org/birchframework/resource"><class name="org/birchframework/resource/UtilsResourceImpl" sourcefilename="UtilsResourceImpl.java"><method name="&lt;init&gt;" desc="()V" line="37"><counter type="INSTRUCTION" missed="3" covered="0"/><counter type="LINE" missed="1" covered="0"/><counter type="COMPLEXITY" missed="1" covered="0"/><counter type="METHOD" missed="1" covered="0"/></method><method name="runGC" desc="()Ljavax/ws/rs/core/Response;" line="44"><counter type="INSTRUCTION" missed="11" covered="0"/><counter type="LINE" missed="4" covered="0"/><counter type="COMPLEXITY" missed="1" covered="0"/><counter type="METHOD" missed="1" covered="0"/></method><method name="&lt;clinit&gt;" desc="()V" line="36"><counter type="INSTRUCTION" missed="4" covered="0"/><counter type="LINE" missed="1" covered="0"/><counter type="COMPLEXITY" missed="1" covered="0"/><counter type="METHOD" missed="1" covered="0"/></method><counter type="INSTRUCTION" missed="18" covered="0"/><counter type="LINE" missed="6" covered="0"/><counter type="COMPLEXITY" missed="3" covered="0"/><counter type="METHOD" missed="3" covered="0"/><counter type="CLASS" missed="1" covered="0"/></class><class name="org/birchframework/resource/UtilsResource" sourcefilename="UtilsResource.java"/><sourcefile name="UtilsResource.java"/><sourcefile name="UtilsResourceImpl.java"><line nr="36" mi="4" ci="0" mb="0" cb="0"/><line nr="37" mi="3" ci="0" mb="0" cb="0"/><line nr="44" mi="3" ci="0" mb="0" cb="0"/><line nr="45" mi="1" ci="0" mb="0" cb="0"/><line nr="46" mi="3" ci="0" mb="0" cb="0"/><line nr="47" mi="4" ci="0" mb="0" cb="0"/><counter type="INSTRUCTION" missed="18" covered="0"/><counter type="LINE" missed="6" covered="0"/><counter type="COMPLEXITY" missed="3" covered="0"/><counter type="METHOD" missed="3" covered="0"/><counter type="CLASS" missed="1" covered="0"/></sourcefile><counter type="INSTRUCTION" missed="18" covered="0"/><counter type="LINE" missed="6" covered="0"/><counter type="COMPLEXITY" missed="3" covered="0"/><counter type="METHOD" missed="3" covered="0"/><counter type="CLASS" missed="1" covered="0"/></package><package name="org/birchframework/framework/cxf"><class name="org/birchframework/framework/cxf/SpanningClientInterceptor" sourcefilename="SpanningClientInterceptor.java"><method name="&lt;init&gt;" desc="(Lorg/birchframework/framework/cxf/SpanHeadersContainerBean;)V" line="36"><counter type="INSTRUCTION" missed="0" covered="7"/><counter type="LINE" missed="0" covered="3"/><counter type="COMPLEXITY" missed="0" covered="1"/><counter type="METHOD" missed="0" covered="1"/></method><method name="handleMessage" desc="(Lorg/apache/cxf/message/Message;)V" line="43"><counter type="INSTRUCTION" missed="0" covered="37"/><counter type="BRANCH" missed="3" covered="5"/><counter type="LINE" missed="0" covered="7"/><counter type="COMPLEXITY" missed="3" covered="2"/><counter type="METHOD" missed="0" covered="1"/></method><counter type="INSTRUCTION" missed="0" covered="44"/><counter type="BRANCH" missed="3" covered="5"/><counter type="LINE" missed="0" covered="10"/><counter type="COMPLEXITY" missed="3" covered="3"/><counter type="METHOD" missed="0" covered="2"/><counter type="CLASS" missed="0" covered="1"/></class><class name="org/birchframework/framework/cxf/ResourceImplContainerRequestFilter" sourcefilename="ResourceImplContainerRequestFilter.java"><method name="&lt;init&gt;" desc="()V" line="32"><counter type="INSTRUCTION" missed="0" covered="3"/><counter type="LINE" missed="0" covered="1"/><counter type="COMPLEXITY" missed="0" covered="1"/><counter type="METHOD" missed="0" covered="1"/></method><method name="filter" desc="(Ljavax/ws/rs/container/ContainerRequestContext;)V" line="36"><counter type="INSTRUCTION" missed="0" covered="15"/><counter type="LINE" missed="0" covered="3"/><counter type="COMPLEXITY" missed="0" covered="1"/><counter type="METHOD" missed="0" covered="1"/></method><method name="lambda$filter$0" desc="(Ljavax/ws/rs/core/MultivaluedMap;Ljava/lang/String;)V" line="37"><counter type="INSTRUCTION" missed="7" covered="0"/><counter type="LINE" missed="1" covered="0"/><counter type="COMPLEXITY" missed="1" covered="0"/><counter type="METHOD" missed="1" covered="0"/></method><counter type="INSTRUCTION" missed="7" covered="18"/><counter type="LINE" missed="0" covered="4"/><counter type="COMPLEXITY" missed="1" covered="2"/><counter type="METHOD" missed="1" covered="2"/><counter type="CLASS" missed="0" covered="1"/></class><class name="org/birchframework/framework/cxf/CORSFilter" sourcefilename="CORSFilter.java"><method name="&lt;init&gt;" desc="(Lorg/birchframework/configuration/BirchProperties;)V" line="53"><counter type="INSTRUCTION" missed="3" covered="13"/><counter type="BRANCH" missed="1" covered="1"/><counter type="LINE" missed="1" covered="4"/><counter type="COMPLEXITY" missed="1" covered="1"/><counter type="METHOD" missed="0" covered="1"/></method><method name="filter" desc="(Ljavax/ws/rs/container/ContainerRequestContext;Ljavax/ws/rs/container/ContainerResponseContext;)V" line="62"><counter type="INSTRUCTION" missed="12" covered="4"/><counter type="BRANCH" missed="1" covered="1"/><counter type="LINE" missed="3" covered="2"/><counter type="COMPLEXITY" missed="1" covered="1"/><counter type="METHOD" missed="0" covered="1"/></method><method name="&lt;clinit&gt;" desc="()V" line="38"><counter type="INSTRUCTION" missed="0" covered="29"/><counter type="LINE" missed="0" covered="6"/><counter type="COMPLEXITY" missed="0" covered="1"/><counter type="METHOD" missed="0" covered="1"/></method><counter type="INSTRUCTION" missed="15" covered="46"/><counter type="BRANCH" missed="2" covered="2"/><counter type="LINE" missed="4" covered="12"/><counter type="COMPLEXITY" missed="2" covered="3"/><counter type="METHOD" missed="0" covered="3"/><counter type="CLASS" missed="0" covered="1"/></class><class name="org/birchframework/framework/cxf/SpanAutoConfiguration" sourcefilename="SpanAutoConfiguration.java"><method name="&lt;init&gt;" desc="()V" line="30"><counter type="INSTRUCTION" missed="0" covered="3"/><counter type="LINE" missed="0" covered="1"/><counter type="COMPLEXITY" missed="0" covered="1"/><counter type="METHOD" missed="0" covered="1"/></method><method name="spanningClientInterceptor" desc="(Lorg/birchframework/framework/cxf/SpanHeadersContainerBean;Lorg/apache/cxf/bus/spring/SpringBus;)Lorg/birchframework/framework/cxf/SpanningClientInterceptor;" line="35"><counter type="INSTRUCTION" missed="0" covered="17"/><counter type="LINE" missed="0" covered="4"/><counter type="COMPLEXITY" missed="0" covered="1"/><counter type="METHOD" missed="0" covered="1"/></method><method name="spanHeadersContainerBean" desc="()Lorg/birchframework/framework/cxf/SpanHeadersContainerBean;" line="43"><counter type="INSTRUCTION" missed="0" covered="4"/><counter type="LINE" missed="0" covered="1"/><counter type="COMPLEXITY" missed="0" covered="1"/><counter type="METHOD" missed="0" covered="1"/></method><method name="resourceClientRequestFilter" desc="(Lorg/birchframework/framework/cxf/SpanHeadersContainerBean;)Lorg/birchframework/framework/cxf/ResourceClientRequestFilter;" line="48"><counter type="INSTRUCTION" missed="0" covered="5"/><counter type="LINE" missed="0" covered="1"/><counter type="COMPLEXITY" missed="0" covered="1"/><counter type="METHOD" missed="0" covered="1"/></method><method name="serviceAspect" desc="(Lorg/birchframework/framework/cxf/SpanHeadersContainerBean;)Lorg/birchframework/framework/cxf/ServiceAspect;" line="54"><counter type="INSTRUCTION" missed="0" covered="5"/><counter type="LINE" missed="0" covered="1"/><counter type="COMPLEXITY" missed="0" covered="1"/><counter type="METHOD" missed="0" covered="1"/></method><counter type="INSTRUCTION" missed="0" covered="34"/><counter type="LINE" missed="0" covered="8"/><counter type="COMPLEXITY" missed="0" covered="5"/><counter type="METHOD" missed="0" covered="5"/><counter type="CLASS" missed="0" covered="1"/></class><class name="org/birchframework/framework/cxf/JAXRSUtils" sourcefilename="JAXRSUtils.java"><method name="findProviders" desc="(Ljava/util/Set;)Ljava/util/List;" line="48"><counter type="INSTRUCTION" missed="41" covered="0"/><counter type="LINE" missed="10" covered="0"/><counter type="COMPLEXITY" missed="1" covered="0"/><counter type="METHOD" missed="1" covered="0"/></method><method name="findJAXRSFilterBeans" desc="()Ljava/util/Map;" line="70"><counter type="INSTRUCTION" missed="20" covered="0"/><counter type="LINE" missed="5" covered="0"/><counter type="COMPLEXITY" missed="1" covered="0"/><counter type="METHOD" missed="1" covered="0"/></method><method name="&lt;init&gt;" desc="(Lorg/springframework/context/ApplicationContext;)V" line="38"><counter type="INSTRUCTION" missed="6" covered="0"/><counter type="LINE" missed="1" covered="0"/><counter type="COMPLEXITY" missed="1" covered="0"/><counter type="METHOD" missed="1" covered="0"/></method><method name="lambda$findProviders$0" desc="(Lorg/springframework/beans/factory/config/AutowireCapableBeanFactory;Ljava/lang/Class;)Ljava/lang/Object;" line="57"><counter type="INSTRUCTION" missed="21" covered="0"/><counter type="BRANCH" missed="4" covered="0"/><counter type="LINE" missed="5" covered="0"/><counter type="COMPLEXITY" missed="3" covered="0"/><counter type="METHOD" missed="1" covered="0"/></method><method name="&lt;clinit&gt;" desc="()V" line="41"><counter type="INSTRUCTION" missed="6" covered="0"/><counter type="LINE" missed="1" covered="0"/><counter type="COMPLEXITY" missed="1" covered="0"/><counter type="METHOD" missed="1" covered="0"/></method><counter type="INSTRUCTION" missed="94" covered="0"/><counter type="BRANCH" missed="4" covered="0"/><counter type="LINE" missed="22" covered="0"/><counter type="COMPLEXITY" missed="7" covered="0"/><counter type="METHOD" missed="5" covered="0"/><counter type="CLASS" missed="1" covered="0"/></class><class name="org/birchframework/framework/cxf/ResourceProxyBeanAutoConfiguration" sourcefilename="ResourceProxyBeanAutoConfiguration.java"><method name="init" desc="()V" line="65"><counter type="INSTRUCTION" missed="0" covered="11"/><counter type="LINE" missed="0" covered="3"/><counter type="COMPLEXITY" missed="0" covered="1"/><counter type="METHOD" missed="0" covered="1"/></method><method name="registerBean" desc="(Ljava/lang/Class;)V" line="85"><counter type="INSTRUCTION" missed="0" covered="77"/><counter type="BRANCH" missed="0" covered="2"/><counter type="LINE" missed="0" covered="13"/><counter type="COMPLEXITY" missed="0" covered="2"/><counter type="METHOD" missed="0" covered="1"/></method><method name="&lt;init&gt;" desc="(Lorg/springframework/context/support/GenericApplicationContext;Lorg/birchframework/framework/cxf/ResourceClientRequestFilter;)V" line="53"><counter type="INSTRUCTION" missed="0" covered="9"/><counter type="LINE" missed="0" covered="1"/><counter type="COMPLEXITY" missed="0" covered="1"/><counter type="METHOD" missed="0" covered="1"/></method><method name="lambda$registerBean$2" desc="(Ljava/lang/String;Ljava/lang/String;Ljava/lang/Class;Ljava/util/List;Lorg/birchframework/framework/cxf/AutoProxy;Ljava/lang/String;)Ljava/lang/Object;" line="94"><counter type="INSTRUCTION" missed="7" covered="11"/><counter type="BRANCH" missed="1" covered="1"/><counter type="LINE" missed="1" covered="2"/><counter type="COMPLEXITY" missed="1" covered="1"/><counter type="METHOD" missed="0" covered="1"/></method><method name="lambda$init$1" desc="(Ljava/lang/Class;)V" line="68"><counter type="INSTRUCTION" missed="14" covered="13"/><counter type="LINE" missed="5" covered="6"/><counter type="COMPLEXITY" missed="0" covered="1"/><counter type="METHOD" missed="0" covered="1"/></method><method name="lambda$init$0" desc="(Ljava/lang/Class;)Z" line="66"><counter type="INSTRUCTION" missed="1" covered="10"/><counter type="BRANCH" missed="2" covered="2"/><counter type="LINE" missed="0" covered="1"/><counter type="COMPLEXITY" missed="2" covered="1"/><counter type="METHOD" missed="0" covered="1"/></method><method name="&lt;clinit&gt;" desc="()V" line="54"><counter type="INSTRUCTION" missed="0" covered="6"/><counter type="LINE" missed="0" covered="2"/><counter type="COMPLEXITY" missed="0" covered="1"/><counter type="METHOD" missed="0" covered="1"/></method><counter type="INSTRUCTION" missed="22" covered="137"/><counter type="BRANCH" missed="3" covered="5"/><counter type="LINE" missed="6" covered="26"/><counter type="COMPLEXITY" missed="3" covered="8"/><counter type="METHOD" missed="0" covered="7"/><counter type="CLASS" missed="0" covered="1"/></class><class name="org/birchframework/framework/cxf/EnableREST" sourcefilename="EnableREST.java"/><class name="org/birchframework/framework/cxf/ResourceClientRequestFilter" sourcefilename="ResourceClientRequestFilter.java"><method name="filter" desc="(Ljavax/ws/rs/client/ClientRequestContext;)V" line="41"><counter type="INSTRUCTION" missed="0" covered="37"/><counter type="BRANCH" missed="2" covered="4"/><counter type="LINE" missed="0" covered="8"/><counter type="COMPLEXITY" missed="2" covered="2"/><counter type="METHOD" missed="0" covered="1"/></method><method name="&lt;init&gt;" desc="(Lorg/birchframework/framework/cxf/SpanHeadersContainerBean;)V" line="34"><counter type="INSTRUCTION" missed="0" covered="6"/><counter type="LINE" missed="0" covered="1"/><counter type="COMPLEXITY" missed="0" covered="1"/><counter type="METHOD" missed="0" covered="1"/></method><method name="lambda$filter$0" desc="(Ljavax/ws/rs/core/MultivaluedMap;Ljava/lang/String;)V" line="43"><counter type="INSTRUCTION" missed="10" covered="7"/><counter type="BRANCH" missed="3" covered="1"/><counter type="LINE" missed="1" covered="3"/><counter type="COMPLEXITY" missed="2" covered="1"/><counter type="METHOD" missed="0" covered="1"/></method><counter type="INSTRUCTION" missed="10" covered="50"/><counter type="BRANCH" missed="5" covered="5"/><counter type="LINE" missed="1" covered="12"/><counter type="COMPLEXITY" missed="4" covered="4"/><counter type="METHOD" missed="0" covered="3"/><counter type="CLASS" missed="0" covered="1"/></class><class name="org/birchframework/framework/cxf/SpanningContainerRequestFilter" sourcefilename="SpanningContainerRequestFilter.java"><method name="&lt;init&gt;" desc="()V" line="43"><counter type="INSTRUCTION" missed="0" covered="3"/><counter type="LINE" missed="0" covered="1"/><counter type="COMPLEXITY" missed="0" covered="1"/><counter type="METHOD" missed="0" covered="1"/></method><method name="init" desc="()V" line="56"><counter type="INSTRUCTION" missed="4" covered="14"/><counter type="LINE" missed="2" covered="4"/><counter type="COMPLEXITY" missed="0" covered="1"/><counter type="METHOD" missed="0" covered="1"/></method><method name="filter" desc="(Ljavax/ws/rs/container/ContainerRequestContext;)V" line="67"><counter type="INSTRUCTION" missed="32" covered="69"/><counter type="BRANCH" missed="3" covered="5"/><counter type="LINE" missed="4" covered="15"/><counter type="COMPLEXITY" missed="3" covered="2"/><counter type="METHOD" missed="0" covered="1"/></method><method name="parseLocale" desc="(Ljava/lang/String;)Ljava/lang/String;" line="95"><counter type="INSTRUCTION" missed="5" covered="19"/><counter type="BRANCH" missed="2" covered="2"/><counter type="LINE" missed="2" covered="4"/><counter type="COMPLEXITY" missed="2" covered="1"/><counter type="METHOD" missed="0" covered="1"/></method><method name="&lt;clinit&gt;" desc="()V" line="42"><counter type="INSTRUCTION" missed="0" covered="7"/><counter type="LINE" missed="0" covered="2"/><counter type="COMPLEXITY" missed="0" covered="1"/><counter type="METHOD" missed="0" covered="1"/></method><counter type="INSTRUCTION" missed="41" covered="112"/><counter type="BRANCH" missed="5" covered="7"/><counter type="LINE" missed="8" covered="26"/><counter type="COMPLEXITY" missed="5" covered="6"/><counter type="METHOD" missed="0" covered="5"/><counter type="CLASS" missed="0" covered="1"/></class><class name="org/birchframework/framework/cxf/ServiceAspect" sourcefilename="ServiceAspect.java"><method name="init" desc="()V" line="36"><counter type="INSTRUCTION" missed="0" covered="4"/><counter type="LINE" missed="0" covered="2"/><counter type="COMPLEXITY" missed="0" covered="1"/><counter type="METHOD" missed="0" covered="1"/></method><method name="afterServiceMethodExecution" desc="()V" line="41"><counter type="INSTRUCTION" missed="0" covered="4"/><counter type="LINE" missed="0" covered="2"/><counter type="COMPLEXITY" missed="0" covered="1"/><counter type="METHOD" missed="0" covered="1"/></method><method name="&lt;init&gt;" desc="(Lorg/birchframework/framework/cxf/SpanHeadersContainerBean;)V" line="28"><counter type="INSTRUCTION" missed="0" covered="6"/><counter type="LINE" missed="0" covered="1"/><counter type="COMPLEXITY" missed="0" covered="1"/><counter type="METHOD" missed="0" covered="1"/></method><method name="&lt;clinit&gt;" desc="()V" line="29"><counter type="INSTRUCTION" missed="0" covered="4"/><counter type="LINE" missed="0" covered="1"/><counter type="COMPLEXITY" missed="0" covered="1"/><counter type="METHOD" missed="0" covered="1"/></method><counter type="INSTRUCTION" missed="0" covered="18"/><counter type="LINE" missed="0" covered="6"/><counter type="COMPLEXITY" missed="0" covered="4"/><counter type="METHOD" missed="0" covered="4"/><counter type="CLASS" missed="0" covered="1"/></class><class name="org/birchframework/framework/cxf/SpanHeadersContainerBean" sourcefilename="SpanHeadersContainerBean.java"><method name="&lt;init&gt;" desc="()V" line="36"><counter type="INSTRUCTION" missed="0" covered="7"/><counter type="LINE" missed="0" covered="2"/><counter type="COMPLEXITY" missed="0" covered="1"/><counter type="METHOD" missed="0" covered="1"/></method><method name="delegate" desc="()Lorg/birchframework/framework/cxf/SpanHeadersContainerBean$SpanHeadersContainer;" line="46"><counter type="INSTRUCTION" missed="0" covered="5"/><counter type="LINE" missed="0" covered="1"/><counter type="COMPLEXITY" missed="0" covered="1"/><counter type="METHOD" missed="0" covered="1"/></method><method name="unload" desc="()V" line="53"><counter type="INSTRUCTION" missed="0" covered="4"/><counter type="LINE" missed="0" covered="2"/><counter type="COMPLEXITY" missed="0" covered="1"/><counter type="METHOD" missed="0" covered="1"/></method><method name="toString" desc="()Ljava/lang/String;" line="58"><counter type="INSTRUCTION" missed="0" covered="4"/><counter type="LINE" missed="0" covered="1"/><counter type="COMPLEXITY" missed="0" covered="1"/><counter type="METHOD" missed="0" covered="1"/></method><method name="setCorrelationID" desc="(Ljava/util/UUID;)V" line="43"><counter type="INSTRUCTION" missed="0" covered="5"/><counter type="LINE" missed="0" covered="1"/><counter type="COMPLEXITY" missed="0" covered="1"/><counter type="METHOD" missed="0" covered="1"/></method><method name="setCorrelationID" desc="(Ljava/lang/String;)V" line="43"><counter type="INSTRUCTION" missed="0" covered="5"/><counter type="LINE" missed="0" covered="1"/><counter type="COMPLEXITY" missed="0" covered="1"/><counter type="METHOD" missed="0" covered="1"/></method><method name="put" desc="(Ljava/lang/String;Ljava/io/Serializable;)Ljava/io/Serializable;" line="43"><counter type="INSTRUCTION" missed="6" covered="0"/><counter type="LINE" missed="1" covered="0"/><counter type="COMPLEXITY" missed="1" covered="0"/><counter type="METHOD" missed="1" covered="0"/></method><method name="get" desc="(Ljava/lang/String;)Ljava/io/Serializable;" line="43"><counter type="INSTRUCTION" missed="5" covered="0"/><counter type="LINE" missed="1" covered="0"/><counter type="COMPLEXITY" missed="1" covered="0"/><counter type="METHOD" missed="1" covered="0"/></method><method name="containsKey" desc="(Ljava/lang/String;)Z" line="43"><counter type="INSTRUCTION" missed="5" covered="0"/><counter type="LINE" missed="1" covered="0"/><counter type="COMPLEXITY" missed="1" covered="0"/><counter type="METHOD" missed="1" covered="0"/></method><method name="remove" desc="(Ljava/lang/String;)Ljava/io/Serializable;" line="43"><counter type="INSTRUCTION" missed="5" covered="0"/><counter type="LINE" missed="1" covered="0"/><counter type="COMPLEXITY" missed="1" covered="0"/><counter type="METHOD" missed="1" covered="0"/></method><method name="entrySet" desc="()Ljava/util/Set;" line="43"><counter type="INSTRUCTION" missed="4" covered="0"/><counter type="LINE" missed="1" covered="0"/><counter type="COMPLEXITY" missed="1" covered="0"/><counter type="METHOD" missed="1" covered="0"/></method><method name="hasData" desc="()Z" line="43"><counter type="INSTRUCTION" missed="0" covered="4"/><counter type="LINE" missed="0" covered="1"/><counter type="COMPLEXITY" missed="0" covered="1"/><counter type="METHOD" missed="0" covered="1"/></method><method name="getLocale" desc="()Ljava/lang/String;" line="43"><counter type="INSTRUCTION" missed="0" covered="4"/><counter type="LINE" missed="0" covered="1"/><counter type="COMPLEXITY" missed="0" covered="1"/><counter type="METHOD" missed="0" covered="1"/></method><method name="getCorrelationID" desc="()Ljava/util/UUID;" line="43"><counter type="INSTRUCTION" missed="0" covered="4"/><counter type="LINE" missed="0" covered="1"/><counter type="COMPLEXITY" missed="0" covered="1"/><counter type="METHOD" missed="0" covered="1"/></method><method name="setLocale" desc="(Ljava/lang/String;)V" line="43"><counter type="INSTRUCTION" missed="0" covered="5"/><counter type="LINE" missed="0" covered="1"/><counter type="COMPLEXITY" missed="0" covered="1"/><counter type="METHOD" missed="0" covered="1"/></method><method name="getMap" desc="()Ljava/util/Map;" line="43"><counter type="INSTRUCTION" missed="4" covered="0"/><counter type="LINE" missed="1" covered="0"/><counter type="COMPLEXITY" missed="1" covered="0"/><counter type="METHOD" missed="1" covered="0"/></method><counter type="INSTRUCTION" missed="29" covered="47"/><counter type="LINE" missed="0" covered="7"/><counter type="COMPLEXITY" missed="6" covered="10"/><counter type="METHOD" missed="6" covered="10"/><counter type="CLASS" missed="0" covered="1"/></class><class name="org/birchframework/framework/cxf/CustomOpenAPIFeature" sourcefilename="CustomOpenAPIFeature.java"><method name="&lt;init&gt;" desc="()V" line="41"><counter type="INSTRUCTION" missed="55" covered="9"/><counter type="BRANCH" missed="1" covered="1"/><counter type="LINE" missed="14" covered="4"/><counter type="COMPLEXITY" missed="1" covered="1"/><counter type="METHOD" missed="0" covered="1"/></method><method name="getBasePath" desc="()Ljava/lang/String;" line="35"><counter type="INSTRUCTION" missed="3" covered="0"/><counter type="LINE" missed="1" covered="0"/><counter type="COMPLEXITY" missed="1" covered="0"/><counter type="METHOD" missed="1" covered="0"/></method><method name="setBasePath" desc="(Ljava/lang/String;)V" line="36"><counter type="INSTRUCTION" missed="4" covered="0"/><counter type="LINE" missed="1" covered="0"/><counter type="COMPLEXITY" missed="1" covered="0"/><counter type="METHOD" missed="1" covered="0"/></method><counter type="INSTRUCTION" missed="62" covered="9"/><counter type="BRANCH" missed="1" covered="1"/><counter type="LINE" missed="16" covered="4"/><counter type="COMPLEXITY" missed="3" covered="1"/><counter type="METHOD" missed="2" covered="1"/><counter type="CLASS" missed="0" covered="1"/></class><class name="org/birchframework/framework/cxf/AutoProxy" sourcefilename="AutoProxy.java"/><class name="org/birchframework/framework/cxf/SpanHeadersContainerBean$SpanHeadersContainer" sourcefilename="SpanHeadersContainerBean.java"><method name="&lt;init&gt;" desc="()V" line="68"><counter type="INSTRUCTION" missed="0" covered="8"/><counter type="LINE" missed="0" covered="2"/><counter type="COMPLEXITY" missed="0" covered="1"/><counter type="METHOD" missed="0" covered="1"/></method><method name="setCorrelationID" desc="(Ljava/util/UUID;)V" line="78"><counter type="INSTRUCTION" missed="0" covered="4"/><counter type="LINE" missed="0" covered="2"/><counter type="COMPLEXITY" missed="0" covered="1"/><counter type="METHOD" missed="0" covered="1"/></method><method name="setCorrelationID" desc="(Ljava/lang/String;)V" line="82"><counter type="INSTRUCTION" missed="0" covered="5"/><counter type="LINE" missed="0" covered="2"/><counter type="COMPLEXITY" missed="0" covered="1"/><counter type="METHOD" missed="0" covered="1"/></method><method name="put" desc="(Ljava/lang/String;Ljava/io/Serializable;)Ljava/io/Serializable;" line="86"><counter type="INSTRUCTION" missed="7" covered="0"/><counter type="LINE" missed="1" covered="0"/><counter type="COMPLEXITY" missed="1" covered="0"/><counter type="METHOD" missed="1" covered="0"/></method><method name="get" desc="(Ljava/lang/String;)Ljava/io/Serializable;" line="90"><counter type="INSTRUCTION" missed="6" covered="0"/><counter type="LINE" missed="1" covered="0"/><counter type="COMPLEXITY" missed="1" covered="0"/><counter type="METHOD" missed="1" covered="0"/></method><method name="containsKey" desc="(Ljava/lang/String;)Z" line="94"><counter type="INSTRUCTION" missed="5" covered="0"/><counter type="LINE" missed="1" covered="0"/><counter type="COMPLEXITY" missed="1" covered="0"/><counter type="METHOD" missed="1" covered="0"/></method><method name="remove" desc="(Ljava/lang/String;)Ljava/io/Serializable;" line="98"><counter type="INSTRUCTION" missed="6" covered="0"/><counter type="LINE" missed="1" covered="0"/><counter type="COMPLEXITY" missed="1" covered="0"/><counter type="METHOD" missed="1" covered="0"/></method><method name="entrySet" desc="()Ljava/util/Set;" line="102"><counter type="INSTRUCTION" missed="4" covered="0"/><counter type="LINE" missed="1" covered="0"/><counter type="COMPLEXITY" missed="1" covered="0"/><counter type="METHOD" missed="1" covered="0"/></method><method name="hasData" desc="()Z" line="106"><counter type="INSTRUCTION" missed="0" covered="11"/><counter type="BRANCH" missed="1" covered="3"/><counter type="LINE" missed="0" covered="1"/><counter type="COMPLEXITY" missed="1" covered="2"/><counter type="METHOD" missed="0" covered="1"/></method><method name="getLocale" desc="()Ljava/lang/String;" line="71"><counter type="INSTRUCTION" missed="0" covered="3"/><counter type="LINE" missed="0" covered="1"/><counter type="COMPLEXITY" missed="0" covered="1"/><counter type="METHOD" missed="0" covered="1"/></method><method name="getCorrelationID" desc="()Ljava/util/UUID;" line="72"><counter type="INSTRUCTION" missed="0" covered="3"/><counter type="LINE" missed="0" covered="1"/><counter type="COMPLEXITY" missed="0" covered="1"/><counter type="METHOD" missed="0" covered="1"/></method><method name="toString" desc="()Ljava/lang/String;" line="66"><counter type="INSTRUCTION" missed="0" covered="8"/><counter type="LINE" missed="0" covered="1"/><counter type="COMPLEXITY" missed="0" covered="1"/><counter type="METHOD" missed="0" covered="1"/></method><method name="setLocale" desc="(Ljava/lang/String;)V" line="70"><counter type="INSTRUCTION" missed="0" covered="4"/><counter type="LINE" missed="0" covered="1"/><counter type="COMPLEXITY" missed="0" covered="1"/><counter type="METHOD" missed="0" covered="1"/></method><method name="getMap" desc="()Ljava/util/Map;" line="74"><counter type="INSTRUCTION" missed="0" covered="3"/><counter type="LINE" missed="0" covered="1"/><counter type="COMPLEXITY" missed="0" covered="1"/><counter type="METHOD" missed="0" covered="1"/></method><counter type="INSTRUCTION" missed="28" covered="49"/><counter type="BRANCH" missed="1" covered="3"/><counter type="LINE" missed="5" covered="11"/><counter type="COMPLEXITY" missed="6" covered="10"/><counter type="METHOD" missed="5" covered="9"/><counter type="CLASS" missed="0" covered="1"/></class><sourcefile name="ResourceProxyBeanAutoConfiguration.java"><line nr="53" mi="0" ci="9" mb="0" cb="0"/><line nr="54" mi="0" ci="3" mb="0" cb="0"/><line nr="58" mi="0" ci="3" mb="0" cb="0"/><line nr="65" mi="0" ci="3" mb="0" cb="0"/><line nr="66" mi="1" ci="17" mb="2" cb="2"/><line nr="68" mi="5" ci="0" mb="0" cb="0"/><line nr="69" mi="4" ci="0" mb="0" cb="0"/><line nr="70" mi="3" ci="0" mb="0" cb="0"/><line nr="71" mi="1" ci="0" mb="0" cb="0"/><line nr="73" mi="0" ci="1" mb="0" cb="0"/><line nr="75" mi="0" ci="3" mb="0" cb="0"/><line nr="77" mi="0" ci="1" mb="0" cb="0"/><line nr="78" mi="0" ci="6" mb="0" cb="0"/><line nr="79" mi="0" ci="1" mb="0" cb="0"/><line nr="80" mi="1" ci="0" mb="0" cb="0"/><line nr="81" mi="0" ci="1" mb="0" cb="0"/><line nr="82" mi="0" ci="1" mb="0" cb="0"/><line nr="85" mi="0" ci="4" mb="0" cb="0"/><line nr="86" mi="0" ci="5" mb="0" cb="0"/><line nr="87" mi="0" ci="6" mb="0" cb="0"/><line nr="88" mi="0" ci="5" mb="0" cb="0"/><line nr="89" mi="0" ci="5" mb="0" cb="0"/><line nr="90" mi="0" ci="5" mb="0" cb="0"/><line nr="91" mi="0" ci="4" mb="0" cb="2"/><line nr="92" mi="0" ci="17" mb="0" cb="0"/><line nr="94" mi="0" ci="12" mb="1" cb="1"/><line nr="95" mi="0" ci="7" mb="0" cb="0"/><line nr="96" mi="7" ci="0" mb="0" cb="0"/><line nr="97" mi="0" ci="7" mb="0" cb="0"/><line nr="98" mi="0" ci="5" mb="0" cb="0"/><line nr="99" mi="0" ci="5" mb="0" cb="0"/><line nr="100" mi="0" ci="1" mb="0" cb="0"/><counter type="INSTRUCTION" missed="22" covered="137"/><counter type="BRANCH" missed="3" covered="5"/><counter type="LINE" missed="6" covered="26"/><counter type="COMPLEXITY" missed="3" covered="8"/><counter type="METHOD" missed="0" covered="7"/><counter type="CLASS" missed="0" covered="1"/></sourcefile><sourcefile name="SpanningClientInterceptor.java"><line nr="36" mi="0" ci="3" mb="0" cb="0"/><line nr="37" mi="0" ci="3" mb="0" cb="0"/><line nr="38" mi="0" ci="1" mb="0" cb="0"/><line nr="43" mi="0" ci="5" mb="0" cb="0"/><line nr="44" mi="0" ci="6" mb="1" cb="3"/><line nr="45" mi="0" ci="4" mb="1" cb="1"/><line nr="46" mi="0" ci="8" mb="0" cb="0"/><line nr="48" mi="0" ci="4" mb="1" cb="1"/><line nr="49" mi="0" ci="9" mb="0" cb="0"/><line nr="52" mi="0" ci="1" mb="0" cb="0"/><counter type="INSTRUCTION" missed="0" covered="44"/><counter type="BRANCH" missed="3" covered="5"/><counter type="LINE" missed="0" covered="10"/><counter type="COMPLEXITY" missed="3" covered="3"/><counter type="METHOD" missed="0" covered="2"/><counter type="CLASS" missed="0" covered="1"/></sourcefile><sourcefile name="AutoProxy.java"/><sourcefile name="SpanHeadersContainerBean.java"><line nr="36" mi="0" ci="2" mb="0" cb="0"/><line nr="41" mi="0" ci="5" mb="0" cb="0"/><line nr="43" mi="29" ci="27" mb="0" cb="0"/><line nr="46" mi="0" ci="5" mb="0" cb="0"/><line nr="53" mi="0" ci="3" mb="0" cb="0"/><line nr="54" mi="0" ci="1" mb="0" cb="0"/><line nr="58" mi="0" ci="4" mb="0" cb="0"/><line nr="66" mi="0" ci="8" mb="0" cb="0"/><line nr="68" mi="0" ci="2" mb="0" cb="0"/><line nr="70" mi="0" ci="4" mb="0" cb="0"/><line nr="71" mi="0" ci="3" mb="0" cb="0"/><line nr="72" mi="0" ci="3" mb="0" cb="0"/><line nr="74" mi="0" ci="9" mb="0" cb="0"/><line nr="78" mi="0" ci="3" mb="0" cb="0"/><line nr="79" mi="0" ci="1" mb="0" cb="0"/><line nr="82" mi="0" ci="4" mb="0" cb="0"/><line nr="83" mi="0" ci="1" mb="0" cb="0"/><line nr="86" mi="7" ci="0" mb="0" cb="0"/><line nr="90" mi="6" ci="0" mb="0" cb="0"/><line nr="94" mi="5" ci="0" mb="0" cb="0"/><line nr="98" mi="6" ci="0" mb="0" cb="0"/><line nr="102" mi="4" ci="0" mb="0" cb="0"/><line nr="106" mi="0" ci="11" mb="1" cb="3"/><counter type="INSTRUCTION" missed="57" covered="96"/><counter type="BRANCH" missed="1" covered="3"/><counter type="LINE" missed="5" covered="18"/><counter type="COMPLEXITY" missed="12" covered="20"/><counter type="METHOD" missed="11" covered="19"/><counter type="CLASS" missed="0" covered="2"/></sourcefile><sourcefile name="ResourceClientRequestFilter.java"><line nr="34" mi="0" ci="6" mb="0" cb="0"/><line nr="41" mi="0" ci="3" mb="0" cb="0"/><line nr="42" mi="0" ci="4" mb="0" cb="0"/><line nr="43" mi="0" ci="3" mb="0" cb="0"/><line nr="44" mi="4" ci="3" mb="3" cb="1"/><line nr="45" mi="6" ci="0" mb="0" cb="0"/><line nr="47" mi="0" ci="1" mb="0" cb="0"/><line nr="48" mi="0" ci="4" mb="0" cb="2"/><line nr="49" mi="0" ci="4" mb="1" cb="1"/><line nr="50" mi="0" ci="8" mb="0" cb="0"/><line nr="52" mi="0" ci="4" mb="1" cb="1"/><line nr="53" mi="0" ci="9" mb="0" cb="0"/><line nr="56" mi="0" ci="1" mb="0" cb="0"/><counter type="INSTRUCTION" missed="10" covered="50"/><counter type="BRANCH" missed="5" covered="5"/><counter type="LINE" missed="1" covered="12"/><counter type="COMPLEXITY" missed="4" covered="4"/><counter type="METHOD" missed="0" covered="3"/><counter type="CLASS" missed="0" covered="1"/></sourcefile><sourcefile name="CustomOpenAPIFeature.java"><line nr="35" mi="3" ci="0" mb="0" cb="0"/><line nr="36" mi="4" ci="0" mb="0" cb="0"/><line nr="41" mi="0" ci="2" mb="0" cb="0"/><line nr="42" mi="0" ci="4" mb="0" cb="0"/><line nr="43" mi="0" ci="2" mb="1" cb="1"/><line nr="44" mi="4" ci="0" mb="0" cb="0"/><line nr="45" mi="3" ci="0" mb="0" cb="0"/><line nr="46" mi="4" ci="0" mb="0" cb="0"/><line nr="47" mi="4" ci="0" mb="0" cb="0"/><line nr="48" mi="4" ci="0" mb="0" cb="0"/><line nr="49" mi="4" ci="0" mb="0" cb="0"/><line nr="50" mi="4" ci="0" mb="0" cb="0"/><line nr="51" mi="4" ci="0" mb="0" cb="0"/><line nr="52" mi="4" ci="0" mb="0" cb="0"/><line nr="53" mi="4" ci="0" mb="0" cb="0"/><line nr="54" mi="4" ci="0" mb="0" cb="0"/><line nr="55" mi="5" ci="0" mb="0" cb="0"/><line nr="56" mi="4" ci="0" mb="0" cb="0"/><line nr="57" mi="3" ci="0" mb="0" cb="0"/><line nr="59" mi="0" ci="1" mb="0" cb="0"/><counter type="INSTRUCTION" missed="62" covered="9"/><counter type="BRANCH" missed="1" covered="1"/><counter type="LINE" missed="16" covered="4"/><counter type="COMPLEXITY" missed="3" covered="1"/><counter type="METHOD" missed="2" covered="1"/><counter type="CLASS" missed="0" covered="1"/></sourcefile><sourcefile name="EnableREST.java"/><sourcefile name="SpanAutoConfiguration.java"><line nr="30" mi="0" ci="3" mb="0" cb="0"/><line nr="35" mi="0" ci="5" mb="0" cb="0"/><line nr="36" mi="0" ci="5" mb="0" cb="0"/><line nr="37" mi="0" ci="5" mb="0" cb="0"/><line nr="38" mi="0" ci="2" mb="0" cb="0"/><line nr="43" mi="0" ci="4" mb="0" cb="0"/><line nr="48" mi="0" ci="5" mb="0" cb="0"/><line nr="54" mi="0" ci="5" mb="0" cb="0"/><counter type="INSTRUCTION" missed="0" covered="34"/><counter type="LINE" missed="0" covered="8"/><counter type="COMPLEXITY" missed="0" covered="5"/><counter type="METHOD" missed="0" covered="5"/><counter type="CLASS" missed="0" covered="1"/></sourcefile><sourcefile name="JAXRSUtils.java"><line nr="38" mi="6" ci="0" mb="0" cb="0"/><line nr="41" mi="6" ci="0" mb="0" cb="0"/><line nr="48" mi="5" ci="0" mb="0" cb="0"/><line nr="49" mi="4" ci="0" mb="0" cb="0"/><line nr="50" mi="6" ci="0" mb="0" cb="0"/><line nr="51" mi="4" ci="0" mb="0" cb="0"/><line nr="52" mi="6" ci="0" mb="0" cb="0"/><line nr="53" mi="4" ci="0" mb="0" cb="0"/><line nr="54" mi="6" ci="0" mb="0" cb="0"/><line nr="55" mi="2" ci="0" mb="0" cb="0"/><line nr="57" mi="5" ci="0" mb="0" cb="0"/><line nr="59" mi="1" ci="0" mb="0" cb="0"/><line nr="60" mi="8" ci="0" mb="4" cb="0"/><line nr="61" mi="2" ci="0" mb="0" cb="0"/><line nr="62" mi="5" ci="0" mb="0" cb="0"/><line nr="65" mi="1" ci="0" mb="0" cb="0"/><line nr="66" mi="3" ci="0" mb="0" cb="0"/><line nr="70" mi="5" ci="0" mb="0" cb="0"/><line nr="71" mi="5" ci="0" mb="0" cb="0"/><line nr="72" mi="5" ci="0" mb="0" cb="0"/><line nr="73" mi="3" ci="0" mb="0" cb="0"/><line nr="74" mi="2" ci="0" mb="0" cb="0"/><counter type="INSTRUCTION" missed="94" covered="0"/><counter type="BRANCH" missed="4" covered="0"/><counter type="LINE" missed="22" covered="0"/><counter type="COMPLEXITY" missed="7" covered="0"/><counter type="METHOD" missed="5" covered="0"/><counter type="CLASS" missed="1" covered="0"/></sourcefile><sourcefile name="ServiceAspect.java"><line nr="28" mi="0" ci="6" mb="0" cb="0"/><line nr="29" mi="0" ci="4" mb="0" cb="0"/><line nr="36" mi="0" ci="3" mb="0" cb="0"/><line nr="37" mi="0" ci="1" mb="0" cb="0"/><line nr="41" mi="0" ci="3" mb="0" cb="0"/><line nr="42" mi="0" ci="1" mb="0" cb="0"/><counter type="INSTRUCTION" missed="0" covered="18"/><counter type="LINE" missed="0" covered="6"/><counter type="COMPLEXITY" missed="0" covered="4"/><counter type="METHOD" missed="0" covered="4"/><counter type="CLASS" missed="0" covered="1"/></sourcefile><sourcefile name="CORSFilter.java"><line nr="38" mi="0" ci="3" mb="0" cb="0"/><line nr="47" mi="0" ci="10" mb="0" cb="0"/><line nr="48" mi="0" ci="2" mb="0" cb="0"/><line nr="49" mi="0" ci="9" mb="0" cb="0"/><line nr="50" mi="0" ci="4" mb="0" cb="0"/><line nr="51" mi="0" ci="1" mb="0" cb="0"/><line nr="53" mi="0" ci="2" mb="0" cb="0"/><line nr="54" mi="0" ci="7" mb="0" cb="0"/><line nr="55" mi="0" ci="3" mb="1" cb="1"/><line nr="56" mi="3" ci="0" mb="0" cb="0"/><line nr="58" mi="0" ci="1" mb="0" cb="0"/><line nr="62" mi="0" ci="3" mb="1" cb="1"/><line nr="63" mi="3" ci="0" mb="0" cb="0"/><line nr="64" mi="3" ci="0" mb="0" cb="0"/><line nr="65" mi="6" ci="0" mb="0" cb="0"/><line nr="67" mi="0" ci="1" mb="0" cb="0"/><counter type="INSTRUCTION" missed="15" covered="46"/><counter type="BRANCH" missed="2" covered="2"/><counter type="LINE" missed="4" covered="12"/><counter type="COMPLEXITY" missed="2" covered="3"/><counter type="METHOD" missed="0" covered="3"/><counter type="CLASS" missed="0" covered="1"/></sourcefile><sourcefile name="SpanningContainerRequestFilter.java"><line nr="42" mi="0" ci="3" mb="0" cb="0"/><line nr="43" mi="0" ci="3" mb="0" cb="0"/><line nr="45" mi="0" ci="4" mb="0" cb="0"/><line nr="56" mi="0" ci="5" mb="0" cb="0"/><line nr="58" mi="0" ci="7" mb="0" cb="0"/><line nr="60" mi="1" ci="0" mb="0" cb="0"/><line nr="61" mi="3" ci="0" mb="0" cb="0"/><line nr="62" mi="0" ci="1" mb="0" cb="0"/><line nr="63" mi="0" ci="1" mb="0" cb="0"/><line nr="67" mi="0" ci="7" mb="1" cb="3"/><line nr="68" mi="0" ci="3" mb="0" cb="0"/><line nr="71" mi="0" ci="4" mb="1" cb="1"/><line nr="72" mi="0" ci="12" mb="0" cb="0"/><line nr="73" mi="0" ci="5" mb="0" cb="0"/><line nr="74" mi="0" ci="4" mb="0" cb="0"/><line nr="75" mi="0" ci="1" mb="0" cb="0"/><line nr="77" mi="3" ci="0" mb="0" cb="0"/><line nr="78" mi="17" ci="0" mb="0" cb="0"/><line nr="79" mi="5" ci="0" mb="0" cb="0"/><line nr="80" mi="5" ci="0" mb="0" cb="0"/><line nr="82" mi="0" ci="4" mb="0" cb="0"/><line nr="83" mi="0" ci="3" mb="0" cb="0"/><line nr="85" mi="2" ci="10" mb="1" cb="1"/><line nr="86" mi="0" ci="4" mb="0" cb="0"/><line nr="88" mi="0" ci="4" mb="0" cb="0"/><line nr="89" mi="0" ci="4" mb="0" cb="0"/><line nr="90" mi="0" ci="3" mb="0" cb="0"/><line nr="92" mi="0" ci="1" mb="0" cb="0"/><line nr="95" mi="0" ci="4" mb="1" cb="1"/><line nr="96" mi="3" ci="0" mb="0" cb="0"/><line nr="98" mi="0" ci="4" mb="0" cb="0"/><line nr="99" mi="0" ci="4" mb="1" cb="1"/><line nr="100" mi="0" ci="7" mb="0" cb="0"/><line nr="101" mi="2" ci="0" mb="0" cb="0"/><counter type="INSTRUCTION" missed="41" covered="112"/><counter type="BRANCH" missed="5" covered="7"/><counter type="LINE" missed="8" covered="26"/><counter type="COMPLEXITY" missed="5" covered="6"/><counter type="METHOD" missed="0" covered="5"/><counter type="CLASS" missed="0" covered="1"/></sourcefile><sourcefile name="ResourceImplContainerRequestFilter.java"><line nr="32" mi="0" ci="3" mb="0" cb="0"/><line nr="36" mi="0" ci="3" mb="0" cb="0"/><line nr="37" mi="7" ci="11" mb="0" cb="0"/><line nr="38" mi="0" ci="1" mb="0" cb="0"/><counter type="INSTRUCTION" missed="7" covered="18"/><counter type="LINE" missed="0" covered="4"/><counter type="COMPLEXITY" missed="1" covered="2"/><counter type="METHOD" missed="1" covered="2"/><counter type="CLASS" missed="0" covered="1"/></sourcefile><counter type="INSTRUCTION" missed="308" covered="564"/><counter type="BRANCH" missed="24" covered="28"/><counter type="LINE" missed="62" covered="126"/><counter type="COMPLEXITY" missed="40" covered="56"/><counter type="METHOD" missed="19" covered="51"/><counter type="CLASS" missed="1" covered="11"/></package><counter type="INSTRUCTION" missed="796" covered="1125"/><counter type="BRANCH" missed="123" covered="91"/><counter type="LINE" missed="176" covered="253"/><counter type="COMPLEXITY" missed="148" covered="112"/><counter type="METHOD" missed="51" covered="101"/><counter type="CLASS" missed="7" covered="15"/></report>